2014-03-30 16:05:49,457 [1] DEBUG Spring.Data.Common.DbProviderFactory - Loading additional DbProviders from assembly://NSH.Repository/NSH.Repository/SQLite1081.xml

2014-03-30 16:05:49,550 [1] INFO  Spring.Data.Common.DbProviderFactory - 47 DbProviders Available. [SqlServer-1.1,SqlServer-2.0,SqlServer-4.0,SqlServerCe-3.1,SqlServerCe-3.5.1,OleDb-1.1,OleDb-2.0,OleDb-4.0,OracleClient-2.0,OracleODP-2.0,OracleODP-11-2.0,MySql,MySql-1.0.9,MySql-5.0,MySql-5.0.8.1,MySql-5.1,MySql-5.1.4,MySql-5.2.3,MySql-6.1.3,MySql-6.2.2,Npgsql-1.0,Npgsql-2.0-beta1,Npgsql-2.0,DB2-9.0.0-1.1,DB2-9.0.0-2.0,DB2-9.1.0-1.1,DB2-9.1.0.2,iDB2-10.0.0.0,SQLite-1.0.43,SQLite-1.0.44,SQLite-1.0.47,SQLite-1.0.56,SQLite-1.0.65,SQLite-1.0.66,SQLite-1.0.72,Firebird-2.1,SybaseAse-12,SybaseAse-15,SybaseAse-AdoNet2,IfxOdbc,IfxSQLI-3.0.0.2,IfxDRDA-9.0.0.2,Odbc-1.1,Odbc-2.0,Odbc-4.0,Cache-2.0.0.1,SQLite-1.0.81]

2014-03-30 16:05:50,963 [1] INFO  Spring.Data.NHibernate.LocalSessionFactoryObject - Setting proxy factory to Spring provided one as user did not specify any

2014-03-30 16:05:52,450 [1] INFO  Spring.Data.NHibernate.LocalSessionFactoryObject - Building new Hibernate SessionFactory

2014-03-30 16:05:59,655 [7] DEBUG Spring.Data.NHibernate.Support.OpenSessionInViewModule - Opening single Hibernate Session in SessionScope

2014-03-30 16:05:59,656 [7] DEBUG Spring.Data.NHibernate.Support.SessionScope+LazySessionHolder - Created LazySessionHolder

2014-03-30 16:06:05,197 [7] DEBUG Spring.Data.NHibernate.Support.OpenSessionInViewModule - Trying to close SessionScope

2014-03-30 16:06:05,199 [7] DEBUG Spring.Data.NHibernate.Support.OpenSessionInViewModule - Closing single Hibernate Session in SessionScope

2014-03-30 16:06:05,200 [7] DEBUG Spring.Data.NHibernate.Support.SessionScope+LazySessionHolder - Closed LazySessionHolder

2014-03-30 16:06:05,534 [9] DEBUG Spring.Data.NHibernate.Support.OpenSessionInViewModule - Opening single Hibernate Session in SessionScope

2014-03-30 16:06:05,536 [9] DEBUG Spring.Data.NHibernate.Support.SessionScope+LazySessionHolder - Created LazySessionHolder

2014-03-30 16:06:05,541 [9] DEBUG Spring.Data.NHibernate.Support.OpenSessionInViewModule - Trying to close SessionScope

2014-03-30 16:06:05,541 [9] DEBUG Spring.Data.NHibernate.Support.OpenSessionInViewModule - Closing single Hibernate Session in SessionScope

2014-03-30 16:06:05,544 [9] DEBUG Spring.Data.NHibernate.Support.SessionScope+LazySessionHolder - Closed LazySessionHolder

2014-03-30 16:06:05,553 [7] DEBUG Spring.Data.NHibernate.Support.OpenSessionInViewModule - Opening single Hibernate Session in SessionScope

2014-03-30 16:06:05,553 [7] DEBUG Spring.Data.NHibernate.Support.SessionScope+LazySessionHolder - Created LazySessionHolder

2014-03-30 16:06:05,554 [7] DEBUG Spring.Data.NHibernate.Support.OpenSessionInViewModule - Trying to close SessionScope

2014-03-30 16:06:05,555 [7] DEBUG Spring.Data.NHibernate.Support.OpenSessionInViewModule - Closing single Hibernate Session in SessionScope

2014-03-30 16:06:05,556 [7] DEBUG Spring.Data.NHibernate.Support.SessionScope+LazySessionHolder - Closed LazySessionHolder

2014-03-30 16:06:05,773 [8] DEBUG Spring.Data.NHibernate.Support.OpenSessionInViewModule - Opening single Hibernate Session in SessionScope

2014-03-30 16:06:05,774 [8] DEBUG Spring.Data.NHibernate.Support.SessionScope+LazySessionHolder - Created LazySessionHolder

2014-03-30 16:06:05,831 [8] DEBUG Spring.Data.NHibernate.Support.OpenSessionInViewModule - Trying to close SessionScope

2014-03-30 16:06:05,832 [8] DEBUG Spring.Data.NHibernate.Support.OpenSessionInViewModule - Closing single Hibernate Session in SessionScope

2014-03-30 16:06:05,832 [8] DEBUG Spring.Data.NHibernate.Support.SessionScope+LazySessionHolder - Closed LazySessionHolder

2014-03-30 16:07:33,001 [5] DEBUG Spring.Data.NHibernate.Support.OpenSessionInViewModule - Opening single Hibernate Session in SessionScope

2014-03-30 16:07:33,002 [5] DEBUG Spring.Data.NHibernate.Support.SessionScope+LazySessionHolder - Created LazySessionHolder

2014-03-30 16:07:33,850 [5] DEBUG Spring.Data.NHibernate.Support.OpenSessionInViewModule - Trying to close SessionScope

2014-03-30 16:07:33,850 [5] DEBUG Spring.Data.NHibernate.Support.OpenSessionInViewModule - Closing single Hibernate Session in SessionScope

2014-03-30 16:07:33,851 [5] DEBUG Spring.Data.NHibernate.Support.SessionScope+LazySessionHolder - Closed LazySessionHolder

2014-03-30 16:07:34,157 [8] DEBUG Spring.Data.NHibernate.Support.OpenSessionInViewModule - Opening single Hibernate Session in SessionScope

2014-03-30 16:07:34,158 [8] DEBUG Spring.Data.NHibernate.Support.SessionScope+LazySessionHolder - Created LazySessionHolder

2014-03-30 16:07:34,160 [8] DEBUG Spring.Data.NHibernate.Support.OpenSessionInViewModule - Trying to close SessionScope

2014-03-30 16:07:34,160 [8] DEBUG Spring.Data.NHibernate.Support.OpenSessionInViewModule - Closing single Hibernate Session in SessionScope

2014-03-30 16:07:34,166 [8] DEBUG Spring.Data.NHibernate.Support.SessionScope+LazySessionHolder - Closed LazySessionHolder

2014-03-30 16:07:34,199 [7] DEBUG Spring.Data.NHibernate.Support.OpenSessionInViewModule - Opening single Hibernate Session in SessionScope

2014-03-30 16:07:34,200 [7] DEBUG Spring.Data.NHibernate.Support.SessionScope+LazySessionHolder - Created LazySessionHolder

2014-03-30 16:07:34,201 [7] DEBUG Spring.Data.NHibernate.Support.OpenSessionInViewModule - Trying to close SessionScope

2014-03-30 16:07:34,201 [7] DEBUG Spring.Data.NHibernate.Support.OpenSessionInViewModule - Closing single Hibernate Session in SessionScope

2014-03-30 16:07:34,202 [7] DEBUG Spring.Data.NHibernate.Support.SessionScope+LazySessionHolder - Closed LazySessionHolder

2014-03-30 16:07:34,272 [7] DEBUG Spring.Data.NHibernate.Support.OpenSessionInViewModule - Opening single Hibernate Session in SessionScope

2014-03-30 16:07:34,272 [7] DEBUG Spring.Data.NHibernate.Support.SessionScope+LazySessionHolder - Created LazySessionHolder

2014-03-30 16:07:34,300 [5] DEBUG Spring.Data.NHibernate.Support.OpenSessionInViewModule - Opening single Hibernate Session in SessionScope

2014-03-30 16:07:34,301 [5] DEBUG Spring.Data.NHibernate.Support.SessionScope+LazySessionHolder - Created LazySessionHolder

2014-03-30 16:07:34,308 [5] DEBUG Spring.Data.NHibernate.Support.OpenSessionInViewModule - Trying to close SessionScope

2014-03-30 16:07:34,308 [5] DEBUG Spring.Data.NHibernate.Support.OpenSessionInViewModule - Closing single Hibernate Session in SessionScope

2014-03-30 16:07:34,309 [5] DEBUG Spring.Data.NHibernate.Support.SessionScope+LazySessionHolder - Closed LazySessionHolder

2014-03-30 16:07:34,312 [7] DEBUG Spring.Data.NHibernate.Support.OpenSessionInViewModule - Trying to close SessionScope

2014-03-30 16:07:34,313 [7] DEBUG Spring.Data.NHibernate.Support.OpenSessionInViewModule - Closing single Hibernate Session in SessionScope

2014-03-30 16:07:34,313 [7] DEBUG Spring.Data.NHibernate.Support.SessionScope+LazySessionHolder - Closed LazySessionHolder

2014-03-30 16:07:34,408 [5] DEBUG Spring.Data.NHibernate.Support.OpenSessionInViewModule - Opening single Hibernate Session in SessionScope

2014-03-30 16:07:34,409 [5] DEBUG Spring.Data.NHibernate.Support.SessionScope+LazySessionHolder - Created LazySessionHolder

2014-03-30 16:07:34,452 [5] DEBUG Spring.Data.NHibernate.Support.OpenSessionInViewModule - Trying to close SessionScope

2014-03-30 16:07:34,453 [5] DEBUG Spring.Data.NHibernate.Support.OpenSessionInViewModule - Closing single Hibernate Session in SessionScope

2014-03-30 16:07:34,454 [5] DEBUG Spring.Data.NHibernate.Support.SessionScope+LazySessionHolder - Closed LazySessionHolder

2014-03-30 16:09:19,317 [9] DEBUG Spring.Data.NHibernate.Support.OpenSessionInViewModule - Opening single Hibernate Session in SessionScope

2014-03-30 16:09:19,318 [9] DEBUG Spring.Data.NHibernate.Support.SessionScope+LazySessionHolder - Created LazySessionHolder

2014-03-30 16:09:20,414 [9] DEBUG Spring.Data.NHibernate.Support.OpenSessionInViewModule - Trying to close SessionScope

2014-03-30 16:09:20,415 [9] DEBUG Spring.Data.NHibernate.Support.OpenSessionInViewModule - Closing single Hibernate Session in SessionScope

2014-03-30 16:09:20,420 [9] DEBUG Spring.Data.NHibernate.Support.SessionScope+LazySessionHolder - Closed LazySessionHolder

2014-03-30 16:09:20,756 [15] DEBUG Spring.Data.NHibernate.Support.OpenSessionInViewModule - Opening single Hibernate Session in SessionScope

2014-03-30 16:09:20,757 [15] DEBUG Spring.Data.NHibernate.Support.SessionScope+LazySessionHolder - Created LazySessionHolder

2014-03-30 16:09:20,766 [15] DEBUG Spring.Data.NHibernate.Support.OpenSessionInViewModule - Trying to close SessionScope

2014-03-30 16:09:20,766 [15] DEBUG Spring.Data.NHibernate.Support.OpenSessionInViewModule - Closing single Hibernate Session in SessionScope

2014-03-30 16:09:20,769 [15] DEBUG Spring.Data.NHibernate.Support.SessionScope+LazySessionHolder - Closed LazySessionHolder

2014-03-30 16:09:20,862 [9] DEBUG Spring.Data.NHibernate.Support.OpenSessionInViewModule - Opening single Hibernate Session in SessionScope

2014-03-30 16:09:20,866 [9] DEBUG Spring.Data.NHibernate.Support.SessionScope+LazySessionHolder - Created LazySessionHolder

2014-03-30 16:09:20,868 [9] DEBUG Spring.Data.NHibernate.Support.OpenSessionInViewModule - Trying to close SessionScope

2014-03-30 16:09:20,868 [9] DEBUG Spring.Data.NHibernate.Support.OpenSessionInViewModule - Closing single Hibernate Session in SessionScope

2014-03-30 16:09:20,869 [9] DEBUG Spring.Data.NHibernate.Support.SessionScope+LazySessionHolder - Closed LazySessionHolder

2014-03-30 16:09:20,873 [9] DEBUG Spring.Data.NHibernate.Support.OpenSessionInViewModule - Opening single Hibernate Session in SessionScope

2014-03-30 16:09:20,875 [9] DEBUG Spring.Data.NHibernate.Support.SessionScope+LazySessionHolder - Created LazySessionHolder

2014-03-30 16:09:20,878 [9] DEBUG Spring.Data.NHibernate.Support.OpenSessionInViewModule - Trying to close SessionScope

2014-03-30 16:09:20,878 [9] DEBUG Spring.Data.NHibernate.Support.OpenSessionInViewModule - Closing single Hibernate Session in SessionScope

2014-03-30 16:09:20,880 [9] DEBUG Spring.Data.NHibernate.Support.SessionScope+LazySessionHolder - Closed LazySessionHolder

2014-03-30 16:09:20,887 [9] DEBUG Spring.Data.NHibernate.Support.OpenSessionInViewModule - Opening single Hibernate Session in SessionScope

2014-03-30 16:09:20,888 [9] DEBUG Spring.Data.NHibernate.Support.SessionScope+LazySessionHolder - Created LazySessionHolder

2014-03-30 16:09:20,890 [9] DEBUG Spring.Data.NHibernate.Support.OpenSessionInViewModule - Trying to close SessionScope

2014-03-30 16:09:20,890 [9] DEBUG Spring.Data.NHibernate.Support.OpenSessionInViewModule - Closing single Hibernate Session in SessionScope

2014-03-30 16:09:20,891 [9] DEBUG Spring.Data.NHibernate.Support.SessionScope+LazySessionHolder - Closed LazySessionHolder

2014-03-30 16:09:21,022 [8] DEBUG Spring.Data.NHibernate.Support.OpenSessionInViewModule - Opening single Hibernate Session in SessionScope

2014-03-30 16:09:21,023 [8] DEBUG Spring.Data.NHibernate.Support.SessionScope+LazySessionHolder - Created LazySessionHolder

2014-03-30 16:09:21,059 [8] DEBUG Spring.Data.NHibernate.Support.OpenSessionInViewModule - Trying to close SessionScope

2014-03-30 16:09:21,059 [8] DEBUG Spring.Data.NHibernate.Support.OpenSessionInViewModule - Closing single Hibernate Session in SessionScope

2014-03-30 16:09:21,060 [8] DEBUG Spring.Data.NHibernate.Support.SessionScope+LazySessionHolder - Closed LazySessionHolder

2014-03-30 16:14:10,497 [9] DEBUG Spring.Data.NHibernate.Support.OpenSessionInViewModule - Opening single Hibernate Session in SessionScope

2014-03-30 16:14:10,497 [9] DEBUG Spring.Data.NHibernate.Support.SessionScope+LazySessionHolder - Created LazySessionHolder

2014-03-30 16:14:11,413 [9] DEBUG Spring.Data.NHibernate.Support.OpenSessionInViewModule - Trying to close SessionScope

2014-03-30 16:14:11,413 [9] DEBUG Spring.Data.NHibernate.Support.OpenSessionInViewModule - Closing single Hibernate Session in SessionScope

2014-03-30 16:14:11,413 [9] DEBUG Spring.Data.NHibernate.Support.SessionScope+LazySessionHolder - Closed LazySessionHolder

2014-03-30 16:14:11,575 [10] DEBUG Spring.Data.NHibernate.Support.OpenSessionInViewModule - Opening single Hibernate Session in SessionScope

2014-03-30 16:14:11,575 [10] DEBUG Spring.Data.NHibernate.Support.SessionScope+LazySessionHolder - Created LazySessionHolder

2014-03-30 16:14:11,576 [10] DEBUG Spring.Data.NHibernate.Support.OpenSessionInViewModule - Trying to close SessionScope

2014-03-30 16:14:11,576 [10] DEBUG Spring.Data.NHibernate.Support.OpenSessionInViewModule - Closing single Hibernate Session in SessionScope

2014-03-30 16:14:11,576 [10] DEBUG Spring.Data.NHibernate.Support.SessionScope+LazySessionHolder - Closed LazySessionHolder

2014-03-30 16:14:11,684 [8] DEBUG Spring.Data.NHibernate.Support.OpenSessionInViewModule - Opening single Hibernate Session in SessionScope

2014-03-30 16:14:11,685 [8] DEBUG Spring.Data.NHibernate.Support.SessionScope+LazySessionHolder - Created LazySessionHolder

2014-03-30 16:14:11,686 [8] DEBUG Spring.Data.NHibernate.Support.OpenSessionInViewModule - Trying to close SessionScope

2014-03-30 16:14:11,686 [8] DEBUG Spring.Data.NHibernate.Support.OpenSessionInViewModule - Closing single Hibernate Session in SessionScope

2014-03-30 16:14:11,686 [8] DEBUG Spring.Data.NHibernate.Support.SessionScope+LazySessionHolder - Closed LazySessionHolder

2014-03-30 16:14:12,789 [19] DEBUG Spring.Data.NHibernate.Support.OpenSessionInViewModule - Opening single Hibernate Session in SessionScope

2014-03-30 16:14:12,790 [19] DEBUG Spring.Data.NHibernate.Support.SessionScope+LazySessionHolder - Created LazySessionHolder

2014-03-30 16:14:13,113 [19] INFO  YiQiWorkFlow.Application.Service.Pc.PcPurchaseManageService - Entering Search;d66456aa-8b60-43d3-b82b-1d2f18fe1e0b;c=YiQiWorkFlow.Domain.Basement.SearchDtoBase`1[YiQiWorkFlow.Domain.Pc.PcPurchaseManage]

2014-03-30 16:14:13,119 [19] DEBUG Spring.Data.NHibernate.Support.SessionScope+LazySessionHolder - session instance requested - opening new session

2014-03-30 16:14:13,121 [19] DEBUG Spring.Data.NHibernate.SessionFactoryUtils - Opening Hibernate Session

2014-03-30 16:14:13,162 [19] DEBUG Spring.Data.NHibernate.HibernateTransactionManager - Found thread-bound Session [NHibernate.Impl.SessionImpl] for Hibernate transaction

2014-03-30 16:14:13,163 [19] DEBUG Spring.Data.NHibernate.HibernateTransactionManager - Using transaction object [Spring.Data.NHibernate.HibernateTransactionManager+HibernateTransactionObject]

2014-03-30 16:14:13,166 [19] DEBUG Spring.Data.NHibernate.HibernateTransactionManager - Creating new transaction with name [YiQiWorkFlow.Application.Service.Pc.PcPurchaseManageService.Search]:PROPAGATION_Required,ISOLATION_ReadCommitted

2014-03-30 16:14:13,216 [19] DEBUG Spring.Data.NHibernate.HibernateTransactionManager - Exposing Hibernate transaction as ADO transaction [System.Data.SqlClient.SqlConnection]

2014-03-30 16:14:14,300 [19] DEBUG NHibernate.SQL - select cast(count(*) as INT) as col_0_0_ from dbo.pc_purchase_manage pcpurchase0_

2014-03-30 16:14:14,409 [19] DEBUG NHibernate.SQL - select TOP (@p0) pcpurchase0_.pc_number as pc1_139_, pcpurchase0_.sup_code as sup2_139_, pcpurchase0_.sup_name as sup3_139_, pcpurchase0_.en_code as en4_139_, pcpurchase0_.pc_form as pc5_139_, pcpurchase0_.d_code as d6_139_, pcpurchase0_.d_name as d7_139_, pcpurchase0_.b_code as b8_139_, pcpurchase0_.b_name as b9_139_, pcpurchase0_.pc_type as pc10_139_, pcpurchase0_.pc_mode as pc11_139_, pcpurchase0_.wh_code as wh12_139_, pcpurchase0_.purchase_date as purchase13_139_, pcpurchase0_.expect_arrive_date as expect14_139_, pcpurchase0_.if_check as if15_139_, pcpurchase0_.check_date as check16_139_, pcpurchase0_.if_putin as if17_139_, pcpurchase0_.putin_date as putin18_139_, pcpurchase0_.create_date as create19_139_, pcpurchase0_.operator as operator139_, pcpurchase0_.assessor as assessor139_, pcpurchase0_.if_examine as if22_139_, pcpurchase0_.examine_date as examine23_139_, pcpurchase0_.operator_date as operator24_139_ from dbo.pc_purchase_manage pcpurchase0_;@p0 = 20 [Type: Int32 (0)]

2014-03-30 16:14:14,537 [19] DEBUG Spring.Data.NHibernate.HibernateTransactionManager - Committing Hibernate transaction on Session [NHibernate.Impl.SessionImpl]

2014-03-30 16:14:14,573 [19] DEBUG Spring.Data.NHibernate.HibernateTransactionManager - Not closing pre-bound Hibernate Session [NHibernate.Impl.SessionImpl] after transaction

2014-03-30 16:14:14,575 [19] INFO  YiQiWorkFlow.Application.Service.Pc.PcPurchaseManageService - Exiting Search;d66456aa-8b60-43d3-b82b-1d2f18fe1e0b;1465.0838 ms

2014-03-30 16:14:14,577 [19] DEBUG Spring.Data.NHibernate.Support.OpenSessionInViewModule - Trying to close SessionScope

2014-03-30 16:14:14,577 [19] DEBUG Spring.Data.NHibernate.Support.OpenSessionInViewModule - Closing single Hibernate Session in SessionScope

2014-03-30 16:14:14,578 [19] DEBUG Spring.Data.NHibernate.SessionFactoryUtils - Closing Hibernate Session

2014-03-30 16:14:14,584 [19] DEBUG Spring.Data.NHibernate.Support.SessionScope+LazySessionHolder - Closed LazySessionHolder

