2014-03-22 00:38:52,330 [1] DEBUG Spring.Data.Common.DbProviderFactory - Loading additional DbProviders from assembly://NSH.Repository/NSH.Repository/SQLite1081.xml

2014-03-22 00:38:52,399 [1] INFO  Spring.Data.Common.DbProviderFactory - 47 DbProviders Available. [SqlServer-1.1,SqlServer-2.0,SqlServer-4.0,SqlServerCe-3.1,SqlServerCe-3.5.1,OleDb-1.1,OleDb-2.0,OleDb-4.0,OracleClient-2.0,OracleODP-2.0,OracleODP-11-2.0,MySql,MySql-1.0.9,MySql-5.0,MySql-5.0.8.1,MySql-5.1,MySql-5.1.4,MySql-5.2.3,MySql-6.1.3,MySql-6.2.2,Npgsql-1.0,Npgsql-2.0-beta1,Npgsql-2.0,DB2-9.0.0-1.1,DB2-9.0.0-2.0,DB2-9.1.0-1.1,DB2-9.1.0.2,iDB2-10.0.0.0,SQLite-1.0.43,SQLite-1.0.44,SQLite-1.0.47,SQLite-1.0.56,SQLite-1.0.65,SQLite-1.0.66,SQLite-1.0.72,Firebird-2.1,SybaseAse-12,SybaseAse-15,SybaseAse-AdoNet2,IfxOdbc,IfxSQLI-3.0.0.2,IfxDRDA-9.0.0.2,Odbc-1.1,Odbc-2.0,Odbc-4.0,Cache-2.0.0.1,SQLite-1.0.81]

2014-03-22 00:38:53,126 [1] INFO  Spring.Data.NHibernate.LocalSessionFactoryObject - Setting proxy factory to Spring provided one as user did not specify any

2014-03-22 00:38:53,801 [1] INFO  Spring.Data.NHibernate.LocalSessionFactoryObject - Building new Hibernate SessionFactory

2014-03-22 00:39:03,687 [7] DEBUG Spring.Data.NHibernate.Support.OpenSessionInViewModule - Opening single Hibernate Session in SessionScope

2014-03-22 00:39:03,691 [7] DEBUG Spring.Data.NHibernate.Support.SessionScope+LazySessionHolder - Created LazySessionHolder

2014-03-22 00:39:08,380 [7] DEBUG Spring.Data.NHibernate.Support.OpenSessionInViewModule - Trying to close SessionScope

2014-03-22 00:39:08,381 [7] DEBUG Spring.Data.NHibernate.Support.OpenSessionInViewModule - Closing single Hibernate Session in SessionScope

2014-03-22 00:39:08,383 [7] DEBUG Spring.Data.NHibernate.Support.SessionScope+LazySessionHolder - Closed LazySessionHolder

2014-03-22 00:42:04,360 [1] DEBUG Spring.Data.Common.DbProviderFactory - Loading additional DbProviders from assembly://NSH.Repository/NSH.Repository/SQLite1081.xml

2014-03-22 00:42:04,434 [1] INFO  Spring.Data.Common.DbProviderFactory - 47 DbProviders Available. [SqlServer-1.1,SqlServer-2.0,SqlServer-4.0,SqlServerCe-3.1,SqlServerCe-3.5.1,OleDb-1.1,OleDb-2.0,OleDb-4.0,OracleClient-2.0,OracleODP-2.0,OracleODP-11-2.0,MySql,MySql-1.0.9,MySql-5.0,MySql-5.0.8.1,MySql-5.1,MySql-5.1.4,MySql-5.2.3,MySql-6.1.3,MySql-6.2.2,Npgsql-1.0,Npgsql-2.0-beta1,Npgsql-2.0,DB2-9.0.0-1.1,DB2-9.0.0-2.0,DB2-9.1.0-1.1,DB2-9.1.0.2,iDB2-10.0.0.0,SQLite-1.0.43,SQLite-1.0.44,SQLite-1.0.47,SQLite-1.0.56,SQLite-1.0.65,SQLite-1.0.66,SQLite-1.0.72,Firebird-2.1,SybaseAse-12,SybaseAse-15,SybaseAse-AdoNet2,IfxOdbc,IfxSQLI-3.0.0.2,IfxDRDA-9.0.0.2,Odbc-1.1,Odbc-2.0,Odbc-4.0,Cache-2.0.0.1,SQLite-1.0.81]

2014-03-22 00:42:05,368 [1] INFO  Spring.Data.NHibernate.LocalSessionFactoryObject - Setting proxy factory to Spring provided one as user did not specify any

2014-03-22 00:42:06,337 [1] INFO  Spring.Data.NHibernate.LocalSessionFactoryObject - Building new Hibernate SessionFactory

2014-03-22 00:42:15,867 [11] DEBUG Spring.Data.NHibernate.Support.OpenSessionInViewModule - Opening single Hibernate Session in SessionScope

2014-03-22 00:42:15,868 [11] DEBUG Spring.Data.NHibernate.Support.SessionScope+LazySessionHolder - Created LazySessionHolder

2014-03-22 00:42:19,352 [11] DEBUG Spring.Data.NHibernate.Support.OpenSessionInViewModule - Trying to close SessionScope

2014-03-22 00:42:19,354 [11] DEBUG Spring.Data.NHibernate.Support.OpenSessionInViewModule - Closing single Hibernate Session in SessionScope

2014-03-22 00:42:19,355 [11] DEBUG Spring.Data.NHibernate.Support.SessionScope+LazySessionHolder - Closed LazySessionHolder

2014-03-22 00:42:19,623 [16] DEBUG Spring.Data.NHibernate.Support.OpenSessionInViewModule - Opening single Hibernate Session in SessionScope

2014-03-22 00:42:19,623 [16] DEBUG Spring.Data.NHibernate.Support.SessionScope+LazySessionHolder - Created LazySessionHolder

2014-03-22 00:42:19,628 [16] DEBUG Spring.Data.NHibernate.Support.OpenSessionInViewModule - Trying to close SessionScope

2014-03-22 00:42:19,629 [16] DEBUG Spring.Data.NHibernate.Support.OpenSessionInViewModule - Closing single Hibernate Session in SessionScope

2014-03-22 00:42:19,629 [16] DEBUG Spring.Data.NHibernate.Support.SessionScope+LazySessionHolder - Closed LazySessionHolder

2014-03-22 00:42:19,630 [12] DEBUG Spring.Data.NHibernate.Support.OpenSessionInViewModule - Opening single Hibernate Session in SessionScope

2014-03-22 00:42:19,634 [12] DEBUG Spring.Data.NHibernate.Support.SessionScope+LazySessionHolder - Created LazySessionHolder

2014-03-22 00:42:19,798 [12] DEBUG Spring.Data.NHibernate.Support.OpenSessionInViewModule - Trying to close SessionScope

2014-03-22 00:42:19,800 [12] DEBUG Spring.Data.NHibernate.Support.OpenSessionInViewModule - Closing single Hibernate Session in SessionScope

2014-03-22 00:42:19,802 [12] DEBUG Spring.Data.NHibernate.Support.SessionScope+LazySessionHolder - Closed LazySessionHolder

2014-03-22 00:43:18,581 [8] DEBUG Spring.Data.NHibernate.Support.OpenSessionInViewModule - Opening single Hibernate Session in SessionScope

2014-03-22 00:43:18,581 [8] DEBUG Spring.Data.NHibernate.Support.SessionScope+LazySessionHolder - Created LazySessionHolder

2014-03-22 00:43:18,645 [8] DEBUG Spring.Data.NHibernate.Support.OpenSessionInViewModule - Trying to close SessionScope

2014-03-22 00:43:18,647 [8] DEBUG Spring.Data.NHibernate.Support.OpenSessionInViewModule - Closing single Hibernate Session in SessionScope

2014-03-22 00:43:18,649 [8] DEBUG Spring.Data.NHibernate.Support.SessionScope+LazySessionHolder - Closed LazySessionHolder

2014-03-22 00:43:18,937 [12] DEBUG Spring.Data.NHibernate.Support.OpenSessionInViewModule - Opening single Hibernate Session in SessionScope

2014-03-22 00:43:18,938 [12] DEBUG Spring.Data.NHibernate.Support.SessionScope+LazySessionHolder - Created LazySessionHolder

2014-03-22 00:43:18,938 [12] DEBUG Spring.Data.NHibernate.Support.OpenSessionInViewModule - Trying to close SessionScope

2014-03-22 00:43:18,939 [12] DEBUG Spring.Data.NHibernate.Support.OpenSessionInViewModule - Closing single Hibernate Session in SessionScope

2014-03-22 00:43:18,939 [12] DEBUG Spring.Data.NHibernate.Support.SessionScope+LazySessionHolder - Closed LazySessionHolder

2014-03-22 00:43:18,969 [7] DEBUG Spring.Data.NHibernate.Support.OpenSessionInViewModule - Opening single Hibernate Session in SessionScope

2014-03-22 00:43:18,969 [7] DEBUG Spring.Data.NHibernate.Support.SessionScope+LazySessionHolder - Created LazySessionHolder

2014-03-22 00:43:18,971 [7] DEBUG Spring.Data.NHibernate.Support.OpenSessionInViewModule - Trying to close SessionScope

2014-03-22 00:43:18,971 [7] DEBUG Spring.Data.NHibernate.Support.OpenSessionInViewModule - Closing single Hibernate Session in SessionScope

2014-03-22 00:43:18,972 [7] DEBUG Spring.Data.NHibernate.Support.SessionScope+LazySessionHolder - Closed LazySessionHolder

2014-03-22 00:44:11,821 [17] DEBUG Spring.Data.Common.DbProviderFactory - Loading additional DbProviders from assembly://NSH.Repository/NSH.Repository/SQLite1081.xml

2014-03-22 00:44:11,900 [17] INFO  Spring.Data.Common.DbProviderFactory - 47 DbProviders Available. [SqlServer-1.1,SqlServer-2.0,SqlServer-4.0,SqlServerCe-3.1,SqlServerCe-3.5.1,OleDb-1.1,OleDb-2.0,OleDb-4.0,OracleClient-2.0,OracleODP-2.0,OracleODP-11-2.0,MySql,MySql-1.0.9,MySql-5.0,MySql-5.0.8.1,MySql-5.1,MySql-5.1.4,MySql-5.2.3,MySql-6.1.3,MySql-6.2.2,Npgsql-1.0,Npgsql-2.0-beta1,Npgsql-2.0,DB2-9.0.0-1.1,DB2-9.0.0-2.0,DB2-9.1.0-1.1,DB2-9.1.0.2,iDB2-10.0.0.0,SQLite-1.0.43,SQLite-1.0.44,SQLite-1.0.47,SQLite-1.0.56,SQLite-1.0.65,SQLite-1.0.66,SQLite-1.0.72,Firebird-2.1,SybaseAse-12,SybaseAse-15,SybaseAse-AdoNet2,IfxOdbc,IfxSQLI-3.0.0.2,IfxDRDA-9.0.0.2,Odbc-1.1,Odbc-2.0,Odbc-4.0,Cache-2.0.0.1,SQLite-1.0.81]

2014-03-22 00:44:12,798 [17] INFO  Spring.Data.NHibernate.LocalSessionFactoryObject - Setting proxy factory to Spring provided one as user did not specify any

2014-03-22 00:44:13,567 [17] INFO  Spring.Data.NHibernate.LocalSessionFactoryObject - Building new Hibernate SessionFactory

2014-03-22 00:44:20,550 [12] DEBUG Spring.Data.NHibernate.Support.OpenSessionInViewModule - Opening single Hibernate Session in SessionScope

2014-03-22 00:44:20,551 [12] DEBUG Spring.Data.NHibernate.Support.SessionScope+LazySessionHolder - Created LazySessionHolder

2014-03-22 00:44:21,575 [12] DEBUG Spring.Data.NHibernate.Support.OpenSessionInViewModule - Trying to close SessionScope

2014-03-22 00:44:21,580 [12] DEBUG Spring.Data.NHibernate.Support.OpenSessionInViewModule - Closing single Hibernate Session in SessionScope

2014-03-22 00:44:21,583 [12] DEBUG Spring.Data.NHibernate.Support.SessionScope+LazySessionHolder - Closed LazySessionHolder

2014-03-22 00:44:21,842 [7] DEBUG Spring.Data.NHibernate.Support.OpenSessionInViewModule - Opening single Hibernate Session in SessionScope

2014-03-22 00:44:21,842 [7] DEBUG Spring.Data.NHibernate.Support.SessionScope+LazySessionHolder - Created LazySessionHolder

2014-03-22 00:44:21,845 [7] DEBUG Spring.Data.NHibernate.Support.OpenSessionInViewModule - Trying to close SessionScope

2014-03-22 00:44:21,845 [7] DEBUG Spring.Data.NHibernate.Support.OpenSessionInViewModule - Closing single Hibernate Session in SessionScope

2014-03-22 00:44:21,845 [7] DEBUG Spring.Data.NHibernate.Support.SessionScope+LazySessionHolder - Closed LazySessionHolder

2014-03-22 00:44:21,915 [12] DEBUG Spring.Data.NHibernate.Support.OpenSessionInViewModule - Opening single Hibernate Session in SessionScope

2014-03-22 00:44:21,917 [12] DEBUG Spring.Data.NHibernate.Support.SessionScope+LazySessionHolder - Created LazySessionHolder

2014-03-22 00:44:21,924 [12] DEBUG Spring.Data.NHibernate.Support.OpenSessionInViewModule - Trying to close SessionScope

2014-03-22 00:44:21,925 [12] DEBUG Spring.Data.NHibernate.Support.OpenSessionInViewModule - Closing single Hibernate Session in SessionScope

2014-03-22 00:44:21,925 [12] DEBUG Spring.Data.NHibernate.Support.SessionScope+LazySessionHolder - Closed LazySessionHolder

2014-03-22 12:58:36,897 [1] DEBUG Spring.Data.Common.DbProviderFactory - Loading additional DbProviders from assembly://NSH.Repository/NSH.Repository/SQLite1081.xml

2014-03-22 12:58:36,959 [1] INFO  Spring.Data.Common.DbProviderFactory - 47 DbProviders Available. [SqlServer-1.1,SqlServer-2.0,SqlServer-4.0,SqlServerCe-3.1,SqlServerCe-3.5.1,OleDb-1.1,OleDb-2.0,OleDb-4.0,OracleClient-2.0,OracleODP-2.0,OracleODP-11-2.0,MySql,MySql-1.0.9,MySql-5.0,MySql-5.0.8.1,MySql-5.1,MySql-5.1.4,MySql-5.2.3,MySql-6.1.3,MySql-6.2.2,Npgsql-1.0,Npgsql-2.0-beta1,Npgsql-2.0,DB2-9.0.0-1.1,DB2-9.0.0-2.0,DB2-9.1.0-1.1,DB2-9.1.0.2,iDB2-10.0.0.0,SQLite-1.0.43,SQLite-1.0.44,SQLite-1.0.47,SQLite-1.0.56,SQLite-1.0.65,SQLite-1.0.66,SQLite-1.0.72,Firebird-2.1,SybaseAse-12,SybaseAse-15,SybaseAse-AdoNet2,IfxOdbc,IfxSQLI-3.0.0.2,IfxDRDA-9.0.0.2,Odbc-1.1,Odbc-2.0,Odbc-4.0,Cache-2.0.0.1,SQLite-1.0.81]

2014-03-22 12:58:37,815 [1] INFO  Spring.Data.NHibernate.LocalSessionFactoryObject - Setting proxy factory to Spring provided one as user did not specify any

2014-03-22 12:58:38,610 [1] INFO  Spring.Data.NHibernate.LocalSessionFactoryObject - Building new Hibernate SessionFactory

2014-03-22 12:58:49,405 [7] DEBUG Spring.Data.NHibernate.Support.OpenSessionInViewModule - Opening single Hibernate Session in SessionScope

2014-03-22 12:58:49,407 [7] DEBUG Spring.Data.NHibernate.Support.SessionScope+LazySessionHolder - Created LazySessionHolder

2014-03-22 12:58:53,248 [7] DEBUG Spring.Data.NHibernate.Support.OpenSessionInViewModule - Trying to close SessionScope

2014-03-22 12:58:53,249 [7] DEBUG Spring.Data.NHibernate.Support.OpenSessionInViewModule - Closing single Hibernate Session in SessionScope

2014-03-22 12:58:53,252 [7] DEBUG Spring.Data.NHibernate.Support.SessionScope+LazySessionHolder - Closed LazySessionHolder

2014-03-22 12:58:53,330 [6] DEBUG Spring.Data.NHibernate.Support.OpenSessionInViewModule - Opening single Hibernate Session in SessionScope

2014-03-22 12:58:53,331 [6] DEBUG Spring.Data.NHibernate.Support.SessionScope+LazySessionHolder - Created LazySessionHolder

2014-03-22 12:58:53,336 [6] DEBUG Spring.Data.NHibernate.Support.OpenSessionInViewModule - Trying to close SessionScope

2014-03-22 12:58:53,337 [6] DEBUG Spring.Data.NHibernate.Support.OpenSessionInViewModule - Closing single Hibernate Session in SessionScope

2014-03-22 12:58:53,337 [6] DEBUG Spring.Data.NHibernate.Support.SessionScope+LazySessionHolder - Closed LazySessionHolder

2014-03-22 12:58:53,392 [7] DEBUG Spring.Data.NHibernate.Support.OpenSessionInViewModule - Opening single Hibernate Session in SessionScope

2014-03-22 12:58:53,393 [7] DEBUG Spring.Data.NHibernate.Support.SessionScope+LazySessionHolder - Created LazySessionHolder

2014-03-22 12:58:53,395 [7] DEBUG Spring.Data.NHibernate.Support.OpenSessionInViewModule - Trying to close SessionScope

2014-03-22 12:58:53,395 [7] DEBUG Spring.Data.NHibernate.Support.OpenSessionInViewModule - Closing single Hibernate Session in SessionScope

2014-03-22 12:58:53,396 [7] DEBUG Spring.Data.NHibernate.Support.SessionScope+LazySessionHolder - Closed LazySessionHolder

2014-03-22 12:58:53,741 [6] DEBUG Spring.Data.NHibernate.Support.OpenSessionInViewModule - Opening single Hibernate Session in SessionScope

2014-03-22 12:58:53,742 [6] DEBUG Spring.Data.NHibernate.Support.SessionScope+LazySessionHolder - Created LazySessionHolder

2014-03-22 12:58:53,744 [6] DEBUG Spring.Data.NHibernate.Support.OpenSessionInViewModule - Trying to close SessionScope

2014-03-22 12:58:53,744 [6] DEBUG Spring.Data.NHibernate.Support.OpenSessionInViewModule - Closing single Hibernate Session in SessionScope

2014-03-22 12:58:53,744 [6] DEBUG Spring.Data.NHibernate.Support.SessionScope+LazySessionHolder - Closed LazySessionHolder

2014-03-22 13:05:18,543 [16] DEBUG Spring.Data.NHibernate.Support.OpenSessionInViewModule - Opening single Hibernate Session in SessionScope

2014-03-22 13:05:18,543 [16] DEBUG Spring.Data.NHibernate.Support.SessionScope+LazySessionHolder - Created LazySessionHolder

2014-03-22 13:05:19,844 [16] DEBUG Spring.Data.NHibernate.Support.OpenSessionInViewModule - Trying to close SessionScope

2014-03-22 13:05:19,845 [16] DEBUG Spring.Data.NHibernate.Support.OpenSessionInViewModule - Closing single Hibernate Session in SessionScope

2014-03-22 13:05:19,845 [16] DEBUG Spring.Data.NHibernate.Support.SessionScope+LazySessionHolder - Closed LazySessionHolder

2014-03-22 13:08:56,892 [1] DEBUG Spring.Data.Common.DbProviderFactory - Loading additional DbProviders from assembly://NSH.Repository/NSH.Repository/SQLite1081.xml

2014-03-22 13:08:56,952 [1] INFO  Spring.Data.Common.DbProviderFactory - 47 DbProviders Available. [SqlServer-1.1,SqlServer-2.0,SqlServer-4.0,SqlServerCe-3.1,SqlServerCe-3.5.1,OleDb-1.1,OleDb-2.0,OleDb-4.0,OracleClient-2.0,OracleODP-2.0,OracleODP-11-2.0,MySql,MySql-1.0.9,MySql-5.0,MySql-5.0.8.1,MySql-5.1,MySql-5.1.4,MySql-5.2.3,MySql-6.1.3,MySql-6.2.2,Npgsql-1.0,Npgsql-2.0-beta1,Npgsql-2.0,DB2-9.0.0-1.1,DB2-9.0.0-2.0,DB2-9.1.0-1.1,DB2-9.1.0.2,iDB2-10.0.0.0,SQLite-1.0.43,SQLite-1.0.44,SQLite-1.0.47,SQLite-1.0.56,SQLite-1.0.65,SQLite-1.0.66,SQLite-1.0.72,Firebird-2.1,SybaseAse-12,SybaseAse-15,SybaseAse-AdoNet2,IfxOdbc,IfxSQLI-3.0.0.2,IfxDRDA-9.0.0.2,Odbc-1.1,Odbc-2.0,Odbc-4.0,Cache-2.0.0.1,SQLite-1.0.81]

2014-03-22 13:08:57,790 [1] INFO  Spring.Data.NHibernate.LocalSessionFactoryObject - Setting proxy factory to Spring provided one as user did not specify any

2014-03-22 13:08:58,301 [1] INFO  Spring.Data.NHibernate.LocalSessionFactoryObject - Building new Hibernate SessionFactory

2014-03-22 13:09:07,503 [13] DEBUG Spring.Data.NHibernate.Support.OpenSessionInViewModule - Opening single Hibernate Session in SessionScope

2014-03-22 13:09:07,504 [13] DEBUG Spring.Data.NHibernate.Support.SessionScope+LazySessionHolder - Created LazySessionHolder

2014-03-22 13:09:09,044 [13] DEBUG Spring.Data.NHibernate.Support.OpenSessionInViewModule - Trying to close SessionScope

2014-03-22 13:09:09,045 [13] DEBUG Spring.Data.NHibernate.Support.OpenSessionInViewModule - Closing single Hibernate Session in SessionScope

2014-03-22 13:09:09,047 [13] DEBUG Spring.Data.NHibernate.Support.SessionScope+LazySessionHolder - Closed LazySessionHolder

2014-03-22 13:11:30,252 [1] DEBUG Spring.Data.Common.DbProviderFactory - Loading additional DbProviders from assembly://NSH.Repository/NSH.Repository/SQLite1081.xml

2014-03-22 13:11:30,315 [1] INFO  Spring.Data.Common.DbProviderFactory - 47 DbProviders Available. [SqlServer-1.1,SqlServer-2.0,SqlServer-4.0,SqlServerCe-3.1,SqlServerCe-3.5.1,OleDb-1.1,OleDb-2.0,OleDb-4.0,OracleClient-2.0,OracleODP-2.0,OracleODP-11-2.0,MySql,MySql-1.0.9,MySql-5.0,MySql-5.0.8.1,MySql-5.1,MySql-5.1.4,MySql-5.2.3,MySql-6.1.3,MySql-6.2.2,Npgsql-1.0,Npgsql-2.0-beta1,Npgsql-2.0,DB2-9.0.0-1.1,DB2-9.0.0-2.0,DB2-9.1.0-1.1,DB2-9.1.0.2,iDB2-10.0.0.0,SQLite-1.0.43,SQLite-1.0.44,SQLite-1.0.47,SQLite-1.0.56,SQLite-1.0.65,SQLite-1.0.66,SQLite-1.0.72,Firebird-2.1,SybaseAse-12,SybaseAse-15,SybaseAse-AdoNet2,IfxOdbc,IfxSQLI-3.0.0.2,IfxDRDA-9.0.0.2,Odbc-1.1,Odbc-2.0,Odbc-4.0,Cache-2.0.0.1,SQLite-1.0.81]

2014-03-22 13:11:31,046 [1] INFO  Spring.Data.NHibernate.LocalSessionFactoryObject - Setting proxy factory to Spring provided one as user did not specify any

2014-03-22 13:11:31,579 [1] INFO  Spring.Data.NHibernate.LocalSessionFactoryObject - Building new Hibernate SessionFactory

2014-03-22 13:11:40,802 [14] DEBUG Spring.Data.NHibernate.Support.OpenSessionInViewModule - Opening single Hibernate Session in SessionScope

2014-03-22 13:11:40,803 [14] DEBUG Spring.Data.NHibernate.Support.SessionScope+LazySessionHolder - Created LazySessionHolder

2014-03-22 13:11:45,405 [14] DEBUG Spring.Data.NHibernate.Support.OpenSessionInViewModule - Trying to close SessionScope

2014-03-22 13:11:45,406 [14] DEBUG Spring.Data.NHibernate.Support.OpenSessionInViewModule - Closing single Hibernate Session in SessionScope

2014-03-22 13:11:45,407 [14] DEBUG Spring.Data.NHibernate.Support.SessionScope+LazySessionHolder - Closed LazySessionHolder

2014-03-22 13:11:45,629 [22] DEBUG Spring.Data.NHibernate.Support.OpenSessionInViewModule - Opening single Hibernate Session in SessionScope

2014-03-22 13:11:45,629 [22] DEBUG Spring.Data.NHibernate.Support.SessionScope+LazySessionHolder - Created LazySessionHolder

2014-03-22 13:11:45,632 [22] DEBUG Spring.Data.NHibernate.Support.OpenSessionInViewModule - Trying to close SessionScope

2014-03-22 13:11:45,632 [22] DEBUG Spring.Data.NHibernate.Support.OpenSessionInViewModule - Closing single Hibernate Session in SessionScope

2014-03-22 13:11:45,632 [22] DEBUG Spring.Data.NHibernate.Support.SessionScope+LazySessionHolder - Closed LazySessionHolder

2014-03-22 13:11:45,684 [21] DEBUG Spring.Data.NHibernate.Support.OpenSessionInViewModule - Opening single Hibernate Session in SessionScope

2014-03-22 13:11:45,684 [21] DEBUG Spring.Data.NHibernate.Support.SessionScope+LazySessionHolder - Created LazySessionHolder

2014-03-22 13:11:45,686 [21] DEBUG Spring.Data.NHibernate.Support.OpenSessionInViewModule - Trying to close SessionScope

2014-03-22 13:11:45,687 [21] DEBUG Spring.Data.NHibernate.Support.OpenSessionInViewModule - Closing single Hibernate Session in SessionScope

2014-03-22 13:11:45,687 [21] DEBUG Spring.Data.NHibernate.Support.SessionScope+LazySessionHolder - Closed LazySessionHolder

2014-03-22 19:03:01,532 [1] DEBUG Spring.Data.Common.DbProviderFactory - Loading additional DbProviders from assembly://NSH.Repository/NSH.Repository/SQLite1081.xml

2014-03-22 19:03:01,602 [1] INFO  Spring.Data.Common.DbProviderFactory - 47 DbProviders Available. [SqlServer-1.1,SqlServer-2.0,SqlServer-4.0,SqlServerCe-3.1,SqlServerCe-3.5.1,OleDb-1.1,OleDb-2.0,OleDb-4.0,OracleClient-2.0,OracleODP-2.0,OracleODP-11-2.0,MySql,MySql-1.0.9,MySql-5.0,MySql-5.0.8.1,MySql-5.1,MySql-5.1.4,MySql-5.2.3,MySql-6.1.3,MySql-6.2.2,Npgsql-1.0,Npgsql-2.0-beta1,Npgsql-2.0,DB2-9.0.0-1.1,DB2-9.0.0-2.0,DB2-9.1.0-1.1,DB2-9.1.0.2,iDB2-10.0.0.0,SQLite-1.0.43,SQLite-1.0.44,SQLite-1.0.47,SQLite-1.0.56,SQLite-1.0.65,SQLite-1.0.66,SQLite-1.0.72,Firebird-2.1,SybaseAse-12,SybaseAse-15,SybaseAse-AdoNet2,IfxOdbc,IfxSQLI-3.0.0.2,IfxDRDA-9.0.0.2,Odbc-1.1,Odbc-2.0,Odbc-4.0,Cache-2.0.0.1,SQLite-1.0.81]

2014-03-22 19:03:02,476 [1] INFO  Spring.Data.NHibernate.LocalSessionFactoryObject - Setting proxy factory to Spring provided one as user did not specify any

2014-03-22 19:03:03,135 [1] INFO  Spring.Data.NHibernate.LocalSessionFactoryObject - Building new Hibernate SessionFactory

2014-03-22 19:03:08,836 [5] DEBUG Spring.Data.NHibernate.Support.OpenSessionInViewModule - Opening single Hibernate Session in SessionScope

2014-03-22 19:03:08,837 [5] DEBUG Spring.Data.NHibernate.Support.SessionScope+LazySessionHolder - Created LazySessionHolder

2014-03-22 19:03:14,000 [5] DEBUG Spring.Data.NHibernate.Support.OpenSessionInViewModule - Trying to close SessionScope

2014-03-22 19:03:14,001 [5] DEBUG Spring.Data.NHibernate.Support.OpenSessionInViewModule - Closing single Hibernate Session in SessionScope

2014-03-22 19:03:14,003 [5] DEBUG Spring.Data.NHibernate.Support.SessionScope+LazySessionHolder - Closed LazySessionHolder

2014-03-22 19:03:14,131 [8] DEBUG Spring.Data.NHibernate.Support.OpenSessionInViewModule - Opening single Hibernate Session in SessionScope

2014-03-22 19:03:14,132 [8] DEBUG Spring.Data.NHibernate.Support.SessionScope+LazySessionHolder - Created LazySessionHolder

2014-03-22 19:03:14,140 [8] DEBUG Spring.Data.NHibernate.Support.OpenSessionInViewModule - Trying to close SessionScope

2014-03-22 19:03:14,140 [8] DEBUG Spring.Data.NHibernate.Support.OpenSessionInViewModule - Closing single Hibernate Session in SessionScope

2014-03-22 19:03:14,141 [8] DEBUG Spring.Data.NHibernate.Support.SessionScope+LazySessionHolder - Closed LazySessionHolder

2014-03-22 19:03:14,195 [8] DEBUG Spring.Data.NHibernate.Support.OpenSessionInViewModule - Opening single Hibernate Session in SessionScope

2014-03-22 19:03:14,196 [8] DEBUG Spring.Data.NHibernate.Support.SessionScope+LazySessionHolder - Created LazySessionHolder

2014-03-22 19:03:14,197 [8] DEBUG Spring.Data.NHibernate.Support.OpenSessionInViewModule - Trying to close SessionScope

2014-03-22 19:03:14,197 [8] DEBUG Spring.Data.NHibernate.Support.OpenSessionInViewModule - Closing single Hibernate Session in SessionScope

2014-03-22 19:03:14,198 [8] DEBUG Spring.Data.NHibernate.Support.SessionScope+LazySessionHolder - Closed LazySessionHolder

2014-03-22 19:05:04,671 [14] DEBUG Spring.Data.NHibernate.Support.OpenSessionInViewModule - Opening single Hibernate Session in SessionScope

2014-03-22 19:05:04,672 [14] DEBUG Spring.Data.NHibernate.Support.SessionScope+LazySessionHolder - Created LazySessionHolder

2014-03-22 19:05:07,079 [14] DEBUG Spring.Data.NHibernate.Support.OpenSessionInViewModule - Trying to close SessionScope

2014-03-22 19:05:07,079 [14] DEBUG Spring.Data.NHibernate.Support.OpenSessionInViewModule - Closing single Hibernate Session in SessionScope

2014-03-22 19:05:07,080 [14] DEBUG Spring.Data.NHibernate.Support.SessionScope+LazySessionHolder - Closed LazySessionHolder

2014-03-22 19:05:17,668 [14] DEBUG Spring.Data.NHibernate.Support.OpenSessionInViewModule - Opening single Hibernate Session in SessionScope

2014-03-22 19:05:17,669 [14] DEBUG Spring.Data.NHibernate.Support.SessionScope+LazySessionHolder - Created LazySessionHolder

2014-03-22 19:05:19,596 [14] DEBUG Spring.Data.NHibernate.Support.OpenSessionInViewModule - Trying to close SessionScope

2014-03-22 19:05:19,596 [14] DEBUG Spring.Data.NHibernate.Support.OpenSessionInViewModule - Closing single Hibernate Session in SessionScope

2014-03-22 19:05:19,597 [14] DEBUG Spring.Data.NHibernate.Support.SessionScope+LazySessionHolder - Closed LazySessionHolder

2014-03-22 19:06:28,833 [13] DEBUG Spring.Data.NHibernate.Support.OpenSessionInViewModule - Opening single Hibernate Session in SessionScope

2014-03-22 19:06:28,850 [13] DEBUG Spring.Data.NHibernate.Support.SessionScope+LazySessionHolder - Created LazySessionHolder

2014-03-22 19:06:30,647 [13] DEBUG Spring.Data.NHibernate.Support.OpenSessionInViewModule - Trying to close SessionScope

2014-03-22 19:06:30,648 [13] DEBUG Spring.Data.NHibernate.Support.OpenSessionInViewModule - Closing single Hibernate Session in SessionScope

2014-03-22 19:06:30,650 [13] DEBUG Spring.Data.NHibernate.Support.SessionScope+LazySessionHolder - Closed LazySessionHolder

2014-03-22 19:06:30,897 [14] DEBUG Spring.Data.NHibernate.Support.OpenSessionInViewModule - Opening single Hibernate Session in SessionScope

2014-03-22 19:06:30,897 [14] DEBUG Spring.Data.NHibernate.Support.SessionScope+LazySessionHolder - Created LazySessionHolder

2014-03-22 19:06:30,898 [14] DEBUG Spring.Data.NHibernate.Support.OpenSessionInViewModule - Trying to close SessionScope

2014-03-22 19:06:30,898 [14] DEBUG Spring.Data.NHibernate.Support.OpenSessionInViewModule - Closing single Hibernate Session in SessionScope

2014-03-22 19:06:30,899 [14] DEBUG Spring.Data.NHibernate.Support.SessionScope+LazySessionHolder - Closed LazySessionHolder

2014-03-22 19:06:30,915 [14] DEBUG Spring.Data.NHibernate.Support.OpenSessionInViewModule - Opening single Hibernate Session in SessionScope

2014-03-22 19:06:30,915 [14] DEBUG Spring.Data.NHibernate.Support.SessionScope+LazySessionHolder - Created LazySessionHolder

2014-03-22 19:06:30,916 [14] DEBUG Spring.Data.NHibernate.Support.OpenSessionInViewModule - Trying to close SessionScope

2014-03-22 19:06:30,917 [14] DEBUG Spring.Data.NHibernate.Support.OpenSessionInViewModule - Closing single Hibernate Session in SessionScope

2014-03-22 19:06:30,917 [14] DEBUG Spring.Data.NHibernate.Support.SessionScope+LazySessionHolder - Closed LazySessionHolder

2014-03-22 19:07:41,524 [9] DEBUG Spring.Data.NHibernate.Support.OpenSessionInViewModule - Opening single Hibernate Session in SessionScope

2014-03-22 19:07:41,525 [9] DEBUG Spring.Data.NHibernate.Support.SessionScope+LazySessionHolder - Created LazySessionHolder

2014-03-22 19:07:41,610 [9] DEBUG Spring.Data.NHibernate.Support.OpenSessionInViewModule - Trying to close SessionScope

2014-03-22 19:07:41,611 [9] DEBUG Spring.Data.NHibernate.Support.OpenSessionInViewModule - Closing single Hibernate Session in SessionScope

2014-03-22 19:07:41,611 [9] DEBUG Spring.Data.NHibernate.Support.SessionScope+LazySessionHolder - Closed LazySessionHolder

2014-03-22 19:07:41,871 [14] DEBUG Spring.Data.NHibernate.Support.OpenSessionInViewModule - Opening single Hibernate Session in SessionScope

2014-03-22 19:07:41,872 [14] DEBUG Spring.Data.NHibernate.Support.SessionScope+LazySessionHolder - Created LazySessionHolder

2014-03-22 19:07:41,873 [14] DEBUG Spring.Data.NHibernate.Support.OpenSessionInViewModule - Trying to close SessionScope

2014-03-22 19:07:41,874 [14] DEBUG Spring.Data.NHibernate.Support.OpenSessionInViewModule - Closing single Hibernate Session in SessionScope

2014-03-22 19:07:41,877 [14] DEBUG Spring.Data.NHibernate.Support.SessionScope+LazySessionHolder - Closed LazySessionHolder

2014-03-22 19:07:42,028 [21] DEBUG Spring.Data.NHibernate.Support.OpenSessionInViewModule - Opening single Hibernate Session in SessionScope

2014-03-22 19:07:42,029 [21] DEBUG Spring.Data.NHibernate.Support.SessionScope+LazySessionHolder - Created LazySessionHolder

2014-03-22 19:07:42,030 [21] DEBUG Spring.Data.NHibernate.Support.OpenSessionInViewModule - Trying to close SessionScope

2014-03-22 19:07:42,031 [21] DEBUG Spring.Data.NHibernate.Support.OpenSessionInViewModule - Closing single Hibernate Session in SessionScope

2014-03-22 19:07:42,031 [21] DEBUG Spring.Data.NHibernate.Support.SessionScope+LazySessionHolder - Closed LazySessionHolder

2014-03-22 19:26:34,288 [58] DEBUG Spring.Data.NHibernate.Support.OpenSessionInViewModule - Opening single Hibernate Session in SessionScope

2014-03-22 19:26:34,289 [58] DEBUG Spring.Data.NHibernate.Support.SessionScope+LazySessionHolder - Created LazySessionHolder

2014-03-22 19:26:36,525 [58] DEBUG Spring.Data.NHibernate.Support.OpenSessionInViewModule - Trying to close SessionScope

2014-03-22 19:26:36,525 [58] DEBUG Spring.Data.NHibernate.Support.OpenSessionInViewModule - Closing single Hibernate Session in SessionScope

2014-03-22 19:26:36,526 [58] DEBUG Spring.Data.NHibernate.Support.SessionScope+LazySessionHolder - Closed LazySessionHolder

2014-03-22 19:26:36,639 [33] DEBUG Spring.Data.NHibernate.Support.OpenSessionInViewModule - Opening single Hibernate Session in SessionScope

2014-03-22 19:26:36,639 [33] DEBUG Spring.Data.NHibernate.Support.SessionScope+LazySessionHolder - Created LazySessionHolder

2014-03-22 19:26:36,640 [33] DEBUG Spring.Data.NHibernate.Support.OpenSessionInViewModule - Trying to close SessionScope

2014-03-22 19:26:36,641 [33] DEBUG Spring.Data.NHibernate.Support.OpenSessionInViewModule - Closing single Hibernate Session in SessionScope

2014-03-22 19:26:36,641 [33] DEBUG Spring.Data.NHibernate.Support.SessionScope+LazySessionHolder - Closed LazySessionHolder

2014-03-22 19:26:36,650 [33] DEBUG Spring.Data.NHibernate.Support.OpenSessionInViewModule - Opening single Hibernate Session in SessionScope

2014-03-22 19:26:36,651 [33] DEBUG Spring.Data.NHibernate.Support.SessionScope+LazySessionHolder - Created LazySessionHolder

2014-03-22 19:26:36,652 [33] DEBUG Spring.Data.NHibernate.Support.OpenSessionInViewModule - Trying to close SessionScope

2014-03-22 19:26:36,652 [33] DEBUG Spring.Data.NHibernate.Support.OpenSessionInViewModule - Closing single Hibernate Session in SessionScope

2014-03-22 19:26:36,652 [33] DEBUG Spring.Data.NHibernate.Support.SessionScope+LazySessionHolder - Closed LazySessionHolder

2014-03-22 19:26:54,367 [57] DEBUG Spring.Data.NHibernate.Support.OpenSessionInViewModule - Opening single Hibernate Session in SessionScope

2014-03-22 19:26:54,368 [57] DEBUG Spring.Data.NHibernate.Support.SessionScope+LazySessionHolder - Created LazySessionHolder

2014-03-22 19:26:56,026 [57] DEBUG Spring.Data.NHibernate.Support.OpenSessionInViewModule - Trying to close SessionScope

2014-03-22 19:26:56,027 [57] DEBUG Spring.Data.NHibernate.Support.OpenSessionInViewModule - Closing single Hibernate Session in SessionScope

2014-03-22 19:26:56,028 [57] DEBUG Spring.Data.NHibernate.Support.SessionScope+LazySessionHolder - Closed LazySessionHolder

2014-03-22 19:26:56,107 [57] DEBUG Spring.Data.NHibernate.Support.OpenSessionInViewModule - Opening single Hibernate Session in SessionScope

2014-03-22 19:26:56,107 [57] DEBUG Spring.Data.NHibernate.Support.SessionScope+LazySessionHolder - Created LazySessionHolder

2014-03-22 19:26:56,109 [57] DEBUG Spring.Data.NHibernate.Support.OpenSessionInViewModule - Trying to close SessionScope

2014-03-22 19:26:56,110 [57] DEBUG Spring.Data.NHibernate.Support.OpenSessionInViewModule - Closing single Hibernate Session in SessionScope

2014-03-22 19:26:56,110 [57] DEBUG Spring.Data.NHibernate.Support.SessionScope+LazySessionHolder - Closed LazySessionHolder

2014-03-22 19:26:56,155 [57] DEBUG Spring.Data.NHibernate.Support.OpenSessionInViewModule - Opening single Hibernate Session in SessionScope

2014-03-22 19:26:56,156 [57] DEBUG Spring.Data.NHibernate.Support.SessionScope+LazySessionHolder - Created LazySessionHolder

2014-03-22 19:26:56,157 [57] DEBUG Spring.Data.NHibernate.Support.OpenSessionInViewModule - Trying to close SessionScope

2014-03-22 19:26:56,157 [57] DEBUG Spring.Data.NHibernate.Support.OpenSessionInViewModule - Closing single Hibernate Session in SessionScope

2014-03-22 19:26:56,158 [57] DEBUG Spring.Data.NHibernate.Support.SessionScope+LazySessionHolder - Closed LazySessionHolder

2014-03-22 21:38:01,055 [1] DEBUG Spring.Data.Common.DbProviderFactory - Loading additional DbProviders from assembly://NSH.Repository/NSH.Repository/SQLite1081.xml

2014-03-22 21:38:01,118 [1] INFO  Spring.Data.Common.DbProviderFactory - 47 DbProviders Available. [SqlServer-1.1,SqlServer-2.0,SqlServer-4.0,SqlServerCe-3.1,SqlServerCe-3.5.1,OleDb-1.1,OleDb-2.0,OleDb-4.0,OracleClient-2.0,OracleODP-2.0,OracleODP-11-2.0,MySql,MySql-1.0.9,MySql-5.0,MySql-5.0.8.1,MySql-5.1,MySql-5.1.4,MySql-5.2.3,MySql-6.1.3,MySql-6.2.2,Npgsql-1.0,Npgsql-2.0-beta1,Npgsql-2.0,DB2-9.0.0-1.1,DB2-9.0.0-2.0,DB2-9.1.0-1.1,DB2-9.1.0.2,iDB2-10.0.0.0,SQLite-1.0.43,SQLite-1.0.44,SQLite-1.0.47,SQLite-1.0.56,SQLite-1.0.65,SQLite-1.0.66,SQLite-1.0.72,Firebird-2.1,SybaseAse-12,SybaseAse-15,SybaseAse-AdoNet2,IfxOdbc,IfxSQLI-3.0.0.2,IfxDRDA-9.0.0.2,Odbc-1.1,Odbc-2.0,Odbc-4.0,Cache-2.0.0.1,SQLite-1.0.81]

2014-03-22 21:38:02,117 [1] INFO  Spring.Data.NHibernate.LocalSessionFactoryObject - Setting proxy factory to Spring provided one as user did not specify any

2014-03-22 21:38:02,756 [1] INFO  Spring.Data.NHibernate.LocalSessionFactoryObject - Building new Hibernate SessionFactory

2014-03-22 21:38:08,517 [5] DEBUG Spring.Data.NHibernate.Support.OpenSessionInViewModule - Opening single Hibernate Session in SessionScope

2014-03-22 21:38:08,518 [5] DEBUG Spring.Data.NHibernate.Support.SessionScope+LazySessionHolder - Created LazySessionHolder

2014-03-22 21:38:09,862 [5] DEBUG Spring.Data.NHibernate.Support.OpenSessionInViewModule - Trying to close SessionScope

2014-03-22 21:38:09,864 [5] DEBUG Spring.Data.NHibernate.Support.OpenSessionInViewModule - Closing single Hibernate Session in SessionScope

2014-03-22 21:38:09,867 [5] DEBUG Spring.Data.NHibernate.Support.SessionScope+LazySessionHolder - Closed LazySessionHolder

2014-03-22 21:38:10,500 [6] DEBUG Spring.Data.NHibernate.Support.OpenSessionInViewModule - Opening single Hibernate Session in SessionScope

2014-03-22 21:38:10,501 [6] DEBUG Spring.Data.NHibernate.Support.SessionScope+LazySessionHolder - Created LazySessionHolder

2014-03-22 21:38:10,590 [6] DEBUG Spring.Data.NHibernate.Support.OpenSessionInViewModule - Trying to close SessionScope

2014-03-22 21:38:10,591 [6] DEBUG Spring.Data.NHibernate.Support.OpenSessionInViewModule - Closing single Hibernate Session in SessionScope

2014-03-22 21:38:10,591 [6] DEBUG Spring.Data.NHibernate.Support.SessionScope+LazySessionHolder - Closed LazySessionHolder

2014-03-22 21:39:45,036 [6] DEBUG Spring.Data.NHibernate.Support.OpenSessionInViewModule - Opening single Hibernate Session in SessionScope

2014-03-22 21:39:45,037 [6] DEBUG Spring.Data.NHibernate.Support.SessionScope+LazySessionHolder - Created LazySessionHolder

2014-03-22 21:39:46,615 [6] DEBUG Spring.Data.NHibernate.Support.OpenSessionInViewModule - Trying to close SessionScope

2014-03-22 21:39:46,616 [6] DEBUG Spring.Data.NHibernate.Support.OpenSessionInViewModule - Closing single Hibernate Session in SessionScope

2014-03-22 21:39:46,617 [6] DEBUG Spring.Data.NHibernate.Support.SessionScope+LazySessionHolder - Closed LazySessionHolder

2014-03-22 21:39:46,628 [7] DEBUG Spring.Data.NHibernate.Support.OpenSessionInViewModule - Opening single Hibernate Session in SessionScope

2014-03-22 21:39:46,628 [7] DEBUG Spring.Data.NHibernate.Support.SessionScope+LazySessionHolder - Created LazySessionHolder

2014-03-22 21:39:46,633 [7] DEBUG Spring.Data.NHibernate.Support.OpenSessionInViewModule - Trying to close SessionScope

2014-03-22 21:39:46,633 [7] DEBUG Spring.Data.NHibernate.Support.OpenSessionInViewModule - Closing single Hibernate Session in SessionScope

2014-03-22 21:39:46,633 [7] DEBUG Spring.Data.NHibernate.Support.SessionScope+LazySessionHolder - Closed LazySessionHolder

2014-03-22 21:39:46,666 [12] DEBUG Spring.Data.NHibernate.Support.OpenSessionInViewModule - Opening single Hibernate Session in SessionScope

2014-03-22 21:39:46,667 [12] DEBUG Spring.Data.NHibernate.Support.SessionScope+LazySessionHolder - Created LazySessionHolder

2014-03-22 21:39:46,668 [12] DEBUG Spring.Data.NHibernate.Support.OpenSessionInViewModule - Trying to close SessionScope

2014-03-22 21:39:46,669 [12] DEBUG Spring.Data.NHibernate.Support.OpenSessionInViewModule - Closing single Hibernate Session in SessionScope

2014-03-22 21:39:46,669 [12] DEBUG Spring.Data.NHibernate.Support.SessionScope+LazySessionHolder - Closed LazySessionHolder

2014-03-22 21:40:14,770 [1] DEBUG Spring.Data.Common.DbProviderFactory - Loading additional DbProviders from assembly://NSH.Repository/NSH.Repository/SQLite1081.xml

2014-03-22 21:40:14,886 [1] INFO  Spring.Data.Common.DbProviderFactory - 47 DbProviders Available. [SqlServer-1.1,SqlServer-2.0,SqlServer-4.0,SqlServerCe-3.1,SqlServerCe-3.5.1,OleDb-1.1,OleDb-2.0,OleDb-4.0,OracleClient-2.0,OracleODP-2.0,OracleODP-11-2.0,MySql,MySql-1.0.9,MySql-5.0,MySql-5.0.8.1,MySql-5.1,MySql-5.1.4,MySql-5.2.3,MySql-6.1.3,MySql-6.2.2,Npgsql-1.0,Npgsql-2.0-beta1,Npgsql-2.0,DB2-9.0.0-1.1,DB2-9.0.0-2.0,DB2-9.1.0-1.1,DB2-9.1.0.2,iDB2-10.0.0.0,SQLite-1.0.43,SQLite-1.0.44,SQLite-1.0.47,SQLite-1.0.56,SQLite-1.0.65,SQLite-1.0.66,SQLite-1.0.72,Firebird-2.1,SybaseAse-12,SybaseAse-15,SybaseAse-AdoNet2,IfxOdbc,IfxSQLI-3.0.0.2,IfxDRDA-9.0.0.2,Odbc-1.1,Odbc-2.0,Odbc-4.0,Cache-2.0.0.1,SQLite-1.0.81]

2014-03-22 21:40:16,167 [1] INFO  Spring.Data.NHibernate.LocalSessionFactoryObject - Setting proxy factory to Spring provided one as user did not specify any

2014-03-22 21:40:17,549 [1] INFO  Spring.Data.NHibernate.LocalSessionFactoryObject - Building new Hibernate SessionFactory

2014-03-22 21:40:32,142 [12] DEBUG Spring.Data.NHibernate.Support.OpenSessionInViewModule - Opening single Hibernate Session in SessionScope

2014-03-22 21:40:32,143 [12] DEBUG Spring.Data.NHibernate.Support.SessionScope+LazySessionHolder - Created LazySessionHolder

2014-03-22 21:40:33,152 [12] DEBUG Spring.Data.NHibernate.Support.OpenSessionInViewModule - Trying to close SessionScope

2014-03-22 21:40:33,153 [12] DEBUG Spring.Data.NHibernate.Support.OpenSessionInViewModule - Closing single Hibernate Session in SessionScope

2014-03-22 21:40:33,155 [12] DEBUG Spring.Data.NHibernate.Support.SessionScope+LazySessionHolder - Closed LazySessionHolder

2014-03-22 21:40:33,371 [12] DEBUG Spring.Data.NHibernate.Support.OpenSessionInViewModule - Opening single Hibernate Session in SessionScope

2014-03-22 21:40:33,371 [12] DEBUG Spring.Data.NHibernate.Support.SessionScope+LazySessionHolder - Created LazySessionHolder

2014-03-22 21:40:33,374 [12] DEBUG Spring.Data.NHibernate.Support.OpenSessionInViewModule - Trying to close SessionScope

2014-03-22 21:40:33,375 [12] DEBUG Spring.Data.NHibernate.Support.OpenSessionInViewModule - Closing single Hibernate Session in SessionScope

2014-03-22 21:40:33,375 [12] DEBUG Spring.Data.NHibernate.Support.SessionScope+LazySessionHolder - Closed LazySessionHolder

2014-03-22 21:40:33,385 [12] DEBUG Spring.Data.NHibernate.Support.OpenSessionInViewModule - Opening single Hibernate Session in SessionScope

2014-03-22 21:40:33,385 [12] DEBUG Spring.Data.NHibernate.Support.SessionScope+LazySessionHolder - Created LazySessionHolder

2014-03-22 21:40:33,387 [12] DEBUG Spring.Data.NHibernate.Support.OpenSessionInViewModule - Trying to close SessionScope

2014-03-22 21:40:33,387 [12] DEBUG Spring.Data.NHibernate.Support.OpenSessionInViewModule - Closing single Hibernate Session in SessionScope

2014-03-22 21:40:33,387 [12] DEBUG Spring.Data.NHibernate.Support.SessionScope+LazySessionHolder - Closed LazySessionHolder

2014-03-22 21:40:33,390 [12] DEBUG Spring.Data.NHibernate.Support.OpenSessionInViewModule - Opening single Hibernate Session in SessionScope

2014-03-22 21:40:33,391 [12] DEBUG Spring.Data.NHibernate.Support.SessionScope+LazySessionHolder - Created LazySessionHolder

2014-03-22 21:40:33,392 [12] DEBUG Spring.Data.NHibernate.Support.OpenSessionInViewModule - Trying to close SessionScope

2014-03-22 21:40:33,392 [12] DEBUG Spring.Data.NHibernate.Support.OpenSessionInViewModule - Closing single Hibernate Session in SessionScope

2014-03-22 21:40:33,392 [12] DEBUG Spring.Data.NHibernate.Support.SessionScope+LazySessionHolder - Closed LazySessionHolder

2014-03-22 21:40:33,588 [7] DEBUG Spring.Data.NHibernate.Support.OpenSessionInViewModule - Opening single Hibernate Session in SessionScope

2014-03-22 21:40:33,589 [7] DEBUG Spring.Data.NHibernate.Support.SessionScope+LazySessionHolder - Created LazySessionHolder

2014-03-22 21:40:33,664 [7] DEBUG Spring.Data.NHibernate.Support.OpenSessionInViewModule - Trying to close SessionScope

2014-03-22 21:40:33,669 [7] DEBUG Spring.Data.NHibernate.Support.OpenSessionInViewModule - Closing single Hibernate Session in SessionScope

2014-03-22 21:40:33,672 [7] DEBUG Spring.Data.NHibernate.Support.SessionScope+LazySessionHolder - Closed LazySessionHolder

2014-03-22 21:40:49,176 [12] DEBUG Spring.Data.NHibernate.Support.OpenSessionInViewModule - Opening single Hibernate Session in SessionScope

2014-03-22 21:40:49,177 [12] DEBUG Spring.Data.NHibernate.Support.SessionScope+LazySessionHolder - Created LazySessionHolder

2014-03-22 21:40:49,178 [12] DEBUG Spring.Data.NHibernate.Support.OpenSessionInViewModule - Trying to close SessionScope

2014-03-22 21:40:49,179 [12] DEBUG Spring.Data.NHibernate.Support.OpenSessionInViewModule - Closing single Hibernate Session in SessionScope

2014-03-22 21:40:49,179 [12] DEBUG Spring.Data.NHibernate.Support.SessionScope+LazySessionHolder - Closed LazySessionHolder

2014-03-22 21:40:49,232 [6] DEBUG Spring.Data.NHibernate.Support.OpenSessionInViewModule - Opening single Hibernate Session in SessionScope

2014-03-22 21:40:49,233 [6] DEBUG Spring.Data.NHibernate.Support.SessionScope+LazySessionHolder - Created LazySessionHolder

2014-03-22 21:40:56,004 [6] DEBUG Spring.Data.NHibernate.Support.OpenSessionInViewModule - Trying to close SessionScope

2014-03-22 21:40:56,004 [6] DEBUG Spring.Data.NHibernate.Support.OpenSessionInViewModule - Closing single Hibernate Session in SessionScope

2014-03-22 21:40:56,004 [6] DEBUG Spring.Data.NHibernate.Support.SessionScope+LazySessionHolder - Closed LazySessionHolder

2014-03-22 21:40:56,248 [12] DEBUG Spring.Data.NHibernate.Support.OpenSessionInViewModule - Opening single Hibernate Session in SessionScope

2014-03-22 21:40:56,248 [12] DEBUG Spring.Data.NHibernate.Support.SessionScope+LazySessionHolder - Created LazySessionHolder

2014-03-22 21:40:56,249 [12] DEBUG Spring.Data.NHibernate.Support.OpenSessionInViewModule - Trying to close SessionScope

2014-03-22 21:40:56,249 [12] DEBUG Spring.Data.NHibernate.Support.OpenSessionInViewModule - Closing single Hibernate Session in SessionScope

2014-03-22 21:40:56,250 [12] DEBUG Spring.Data.NHibernate.Support.SessionScope+LazySessionHolder - Closed LazySessionHolder

2014-03-22 21:40:56,253 [7] DEBUG Spring.Data.NHibernate.Support.OpenSessionInViewModule - Opening single Hibernate Session in SessionScope

2014-03-22 21:40:56,253 [7] DEBUG Spring.Data.NHibernate.Support.SessionScope+LazySessionHolder - Created LazySessionHolder

2014-03-22 21:40:56,254 [7] DEBUG Spring.Data.NHibernate.Support.OpenSessionInViewModule - Trying to close SessionScope

2014-03-22 21:40:56,255 [7] DEBUG Spring.Data.NHibernate.Support.OpenSessionInViewModule - Closing single Hibernate Session in SessionScope

2014-03-22 21:40:56,255 [7] DEBUG Spring.Data.NHibernate.Support.SessionScope+LazySessionHolder - Closed LazySessionHolder

2014-03-22 21:40:57,924 [12] DEBUG Spring.Data.NHibernate.Support.OpenSessionInViewModule - Opening single Hibernate Session in SessionScope

2014-03-22 21:40:57,924 [12] DEBUG Spring.Data.NHibernate.Support.SessionScope+LazySessionHolder - Created LazySessionHolder

2014-03-22 21:40:58,133 [12] INFO  YiQiWorkFlow.Application.Service.Ms.MsCardtypeManageService - Entering Search;5caaca5a-d54a-4e30-88d9-cd93aae18aed;c=YiQiWorkFlow.Domain.Basement.SearchDtoBase`1[YiQiWorkFlow.Domain.Ms.MsCardtypeManage]

2014-03-22 21:40:58,144 [12] DEBUG Spring.Data.NHibernate.Support.SessionScope+LazySessionHolder - session instance requested - opening new session

2014-03-22 21:40:58,149 [12] DEBUG Spring.Data.NHibernate.SessionFactoryUtils - Opening Hibernate Session

2014-03-22 21:40:58,175 [12] DEBUG Spring.Data.NHibernate.HibernateTransactionManager - Found thread-bound Session [NHibernate.Impl.SessionImpl] for Hibernate transaction

2014-03-22 21:40:58,178 [12] DEBUG Spring.Data.NHibernate.HibernateTransactionManager - Using transaction object [Spring.Data.NHibernate.HibernateTransactionManager+HibernateTransactionObject]

2014-03-22 21:40:58,184 [12] DEBUG Spring.Data.NHibernate.HibernateTransactionManager - Creating new transaction with name [YiQiWorkFlow.Application.Service.Ms.MsCardtypeManageService.Search]:PROPAGATION_Required,ISOLATION_ReadCommitted

2014-03-22 21:40:58,198 [12] DEBUG Spring.Data.NHibernate.HibernateTransactionManager - Exposing Hibernate transaction as ADO transaction [System.Data.SqlClient.SqlConnection]

2014-03-22 21:40:58,911 [12] DEBUG NHibernate.SQL - select cast(count(*) as INT) as col_0_0_ from dbo.ms_cardtype_manage mscardtype0_

2014-03-22 21:40:59,060 [12] DEBUG NHibernate.SQL - select TOP (@p0) mscardtype0_.card_code as card1_97_, mscardtype0_.card_name as card2_97_, mscardtype0_.card_type as card3_97_, mscardtype0_.card_medium as card4_97_, mscardtype0_.card_useful_life as card5_97_, mscardtype0_.points_useful_life as points6_97_, mscardtype0_.transact_charge as transact7_97_, mscardtype0_.deposit_money as deposit8_97_, mscardtype0_.if_vip as if9_97_, mscardtype0_.if_discount as if10_97_, mscardtype0_.discount_base as discount11_97_, mscardtype0_.discount_rate as discount12_97_, mscardtype0_.if_points as if13_97_, mscardtype0_.expend_base as expend14_97_, mscardtype0_.points_values as points15_97_, mscardtype0_.birthday_points as birthday16_97_, mscardtype0_.if_prepaid as if17_97_, mscardtype0_.if_prepaid_password as if18_97_, mscardtype0_.limit_times as limit19_97_, mscardtype0_.prestore_money as prestore20_97_, mscardtype0_.prestore_pw as prestore21_97_, mscardtype0_.prepaid_min as prepaid22_97_, mscardtype0_.prepaid_max as prepaid23_97_, mscardtype0_.if_point_to_prepaid as if24_97_, mscardtype0_.points_base as points25_97_, mscardtype0_.prepaid_money as prepaid26_97_, mscardtype0_.card_number_prefix as card27_97_, mscardtype0_.card_number_len as card28_97_, mscardtype0_.rand_len as rand29_97_, mscardtype0_.upgrade_type as upgrade30_97_, mscardtype0_.points_needs as points31_97_, mscardtype0_.if_deduct_points as if32_97_, mscardtype0_.if_autoup as if33_97_, mscardtype0_.create_date as create34_97_, mscardtype0_.operator as operator97_, mscardtype0_.assessor as assessor97_, mscardtype0_.if_examine as if37_97_, mscardtype0_.examine_date as examine38_97_, mscardtype0_.operator_date as operator39_97_ from dbo.ms_cardtype_manage mscardtype0_;@p0 = 20 [Type: Int32 (0)]

2014-03-22 21:40:59,091 [12] DEBUG Spring.Data.NHibernate.HibernateTransactionManager - Committing Hibernate transaction on Session [NHibernate.Impl.SessionImpl]

2014-03-22 21:40:59,102 [12] DEBUG Spring.Data.NHibernate.HibernateTransactionManager - Not closing pre-bound Hibernate Session [NHibernate.Impl.SessionImpl] after transaction

2014-03-22 21:40:59,103 [12] INFO  YiQiWorkFlow.Application.Service.Ms.MsCardtypeManageService - Exiting Search;5caaca5a-d54a-4e30-88d9-cd93aae18aed;976.0559 ms

2014-03-22 21:40:59,105 [12] DEBUG Spring.Data.NHibernate.Support.OpenSessionInViewModule - Trying to close SessionScope

2014-03-22 21:40:59,105 [12] DEBUG Spring.Data.NHibernate.Support.OpenSessionInViewModule - Closing single Hibernate Session in SessionScope

2014-03-22 21:40:59,106 [12] DEBUG Spring.Data.NHibernate.SessionFactoryUtils - Closing Hibernate Session

2014-03-22 21:40:59,113 [12] DEBUG Spring.Data.NHibernate.Support.SessionScope+LazySessionHolder - Closed LazySessionHolder

2014-03-22 21:41:06,130 [12] DEBUG Spring.Data.NHibernate.Support.OpenSessionInViewModule - Opening single Hibernate Session in SessionScope

2014-03-22 21:41:06,130 [12] DEBUG Spring.Data.NHibernate.Support.SessionScope+LazySessionHolder - Created LazySessionHolder

2014-03-22 21:41:06,250 [12] DEBUG Spring.Data.NHibernate.Support.OpenSessionInViewModule - Trying to close SessionScope

2014-03-22 21:41:06,252 [12] DEBUG Spring.Data.NHibernate.Support.OpenSessionInViewModule - Closing single Hibernate Session in SessionScope

2014-03-22 21:41:06,254 [12] DEBUG Spring.Data.NHibernate.Support.SessionScope+LazySessionHolder - Closed LazySessionHolder

2014-03-22 21:41:06,866 [7] DEBUG Spring.Data.NHibernate.Support.OpenSessionInViewModule - Opening single Hibernate Session in SessionScope

2014-03-22 21:41:06,867 [7] DEBUG Spring.Data.NHibernate.Support.SessionScope+LazySessionHolder - Created LazySessionHolder

2014-03-22 21:41:06,904 [7] INFO  YiQiWorkFlow.Application.Service.Ms.MsPrepaidCardManageService - Entering Search;62917e60-412d-4604-81ae-9ac81a46e566;c=YiQiWorkFlow.Domain.Basement.SearchDtoBase`1[YiQiWorkFlow.Domain.Ms.MsPrepaidCardManage]

2014-03-22 21:41:06,907 [7] DEBUG Spring.Data.NHibernate.Support.SessionScope+LazySessionHolder - session instance requested - opening new session

2014-03-22 21:41:06,908 [7] DEBUG Spring.Data.NHibernate.SessionFactoryUtils - Opening Hibernate Session

2014-03-22 21:41:06,913 [7] DEBUG Spring.Data.NHibernate.HibernateTransactionManager - Found thread-bound Session [NHibernate.Impl.SessionImpl] for Hibernate transaction

2014-03-22 21:41:06,915 [7] DEBUG Spring.Data.NHibernate.HibernateTransactionManager - Using transaction object [Spring.Data.NHibernate.HibernateTransactionManager+HibernateTransactionObject]

2014-03-22 21:41:06,916 [7] DEBUG Spring.Data.NHibernate.HibernateTransactionManager - Creating new transaction with name [YiQiWorkFlow.Application.Service.Ms.MsPrepaidCardManageService.Search]:PROPAGATION_Required,ISOLATION_ReadCommitted

2014-03-22 21:41:06,918 [7] DEBUG Spring.Data.NHibernate.HibernateTransactionManager - Exposing Hibernate transaction as ADO transaction [System.Data.SqlClient.SqlConnection]

2014-03-22 21:41:06,939 [7] DEBUG NHibernate.SQL - select cast(count(*) as INT) as col_0_0_ from dbo.ms_prepaid_card_manage msprepaidc0_

2014-03-22 21:41:07,012 [7] DEBUG NHibernate.SQL - select TOP (@p0) msprepaidc0_.prepaid_number as prepaid1_109_, msprepaidc0_.en_code as en2_109_, msprepaidc0_.prepaid_date as prepaid3_109_, msprepaidc0_.card_number as card4_109_, msprepaidc0_.surface_number as surface5_109_, msprepaidc0_.ms_code as ms6_109_, msprepaidc0_.prepaid_money as prepaid7_109_, msprepaidc0_.total_prepaid as total8_109_, msprepaidc0_.current_prepaid as current9_109_, msprepaidc0_.use_prepaid as use10_109_, msprepaidc0_.card_code as card11_109_, msprepaidc0_.card_name as card12_109_, msprepaidc0_.card_state as card13_109_, msprepaidc0_.create_date as create14_109_, msprepaidc0_.operator as operator109_, msprepaidc0_.operator_date as operator16_109_ from dbo.ms_prepaid_card_manage msprepaidc0_;@p0 = 20 [Type: Int32 (0)]

2014-03-22 21:41:07,021 [7] DEBUG Spring.Data.NHibernate.HibernateTransactionManager - Committing Hibernate transaction on Session [NHibernate.Impl.SessionImpl]

2014-03-22 21:41:07,024 [7] DEBUG Spring.Data.NHibernate.HibernateTransactionManager - Not closing pre-bound Hibernate Session [NHibernate.Impl.SessionImpl] after transaction

2014-03-22 21:41:07,024 [7] INFO  YiQiWorkFlow.Application.Service.Ms.MsPrepaidCardManageService - Exiting Search;62917e60-412d-4604-81ae-9ac81a46e566;120.0068 ms

2014-03-22 21:41:07,025 [7] DEBUG Spring.Data.NHibernate.Support.OpenSessionInViewModule - Trying to close SessionScope

2014-03-22 21:41:07,025 [7] DEBUG Spring.Data.NHibernate.Support.OpenSessionInViewModule - Closing single Hibernate Session in SessionScope

2014-03-22 21:41:07,026 [7] DEBUG Spring.Data.NHibernate.SessionFactoryUtils - Closing Hibernate Session

2014-03-22 21:41:07,026 [7] DEBUG Spring.Data.NHibernate.Support.SessionScope+LazySessionHolder - Closed LazySessionHolder

2014-03-22 21:41:14,482 [7] DEBUG Spring.Data.NHibernate.Support.OpenSessionInViewModule - Opening single Hibernate Session in SessionScope

2014-03-22 21:41:14,482 [7] DEBUG Spring.Data.NHibernate.Support.SessionScope+LazySessionHolder - Created LazySessionHolder

2014-03-22 21:41:22,318 [7] DEBUG Spring.Data.NHibernate.Support.OpenSessionInViewModule - Trying to close SessionScope

2014-03-22 21:41:22,318 [7] DEBUG Spring.Data.NHibernate.Support.OpenSessionInViewModule - Closing single Hibernate Session in SessionScope

2014-03-22 21:41:22,318 [7] DEBUG Spring.Data.NHibernate.Support.SessionScope+LazySessionHolder - Closed LazySessionHolder

2014-03-22 21:41:22,915 [6] DEBUG Spring.Data.NHibernate.Support.OpenSessionInViewModule - Opening single Hibernate Session in SessionScope

2014-03-22 21:41:22,916 [6] DEBUG Spring.Data.NHibernate.Support.SessionScope+LazySessionHolder - Created LazySessionHolder

2014-03-22 21:41:22,957 [6] INFO  YiQiWorkFlow.Application.Service.Fb.FbPaGoodsGbService - Entering Search;1ec0b659-5d67-4c54-857b-65a9ff7299e3;c=YiQiWorkFlow.Domain.Basement.SearchDtoBase`1[YiQiWorkFlow.Domain.Fb.FbPaGoodsGb]

2014-03-22 21:41:22,957 [6] DEBUG Spring.Data.NHibernate.Support.SessionScope+LazySessionHolder - session instance requested - opening new session

2014-03-22 21:41:22,957 [6] DEBUG Spring.Data.NHibernate.SessionFactoryUtils - Opening Hibernate Session

2014-03-22 21:41:22,958 [6] DEBUG Spring.Data.NHibernate.HibernateTransactionManager - Found thread-bound Session [NHibernate.Impl.SessionImpl] for Hibernate transaction

2014-03-22 21:41:22,958 [6] DEBUG Spring.Data.NHibernate.HibernateTransactionManager - Using transaction object [Spring.Data.NHibernate.HibernateTransactionManager+HibernateTransactionObject]

2014-03-22 21:41:22,959 [6] DEBUG Spring.Data.NHibernate.HibernateTransactionManager - Creating new transaction with name [YiQiWorkFlow.Application.Service.Fb.FbPaGoodsGbService.Search]:PROPAGATION_Required,ISOLATION_ReadCommitted

2014-03-22 21:41:22,965 [6] DEBUG Spring.Data.NHibernate.HibernateTransactionManager - Exposing Hibernate transaction as ADO transaction [System.Data.SqlClient.SqlConnection]

2014-03-22 21:41:22,975 [6] DEBUG NHibernate.SQL - select cast(count(*) as INT) as col_0_0_ from dbo.fb_pa_goods_gb fbpagoodsg0_

2014-03-22 21:41:23,039 [6] DEBUG NHibernate.SQL - select TOP (@p0) fbpagoodsg0_.Id as Id83_, fbpagoodsg0_.gb_code as gb2_83_, fbpagoodsg0_.gb_name as gb3_83_ from dbo.fb_pa_goods_gb fbpagoodsg0_;@p0 = 20 [Type: Int32 (0)]

2014-03-22 21:41:23,119 [6] DEBUG Spring.Data.NHibernate.HibernateTransactionManager - Committing Hibernate transaction on Session [NHibernate.Impl.SessionImpl]

2014-03-22 21:41:23,145 [6] DEBUG Spring.Data.NHibernate.HibernateTransactionManager - Not closing pre-bound Hibernate Session [NHibernate.Impl.SessionImpl] after transaction

2014-03-22 21:41:23,146 [6] INFO  YiQiWorkFlow.Application.Service.Fb.FbPaGoodsGbService - Exiting Search;1ec0b659-5d67-4c54-857b-65a9ff7299e3;189.0108 ms

2014-03-22 21:41:23,147 [6] DEBUG Spring.Data.NHibernate.Support.OpenSessionInViewModule - Trying to close SessionScope

2014-03-22 21:41:23,147 [6] DEBUG Spring.Data.NHibernate.Support.OpenSessionInViewModule - Closing single Hibernate Session in SessionScope

2014-03-22 21:41:23,147 [6] DEBUG Spring.Data.NHibernate.SessionFactoryUtils - Closing Hibernate Session

2014-03-22 21:41:23,148 [6] DEBUG Spring.Data.NHibernate.Support.SessionScope+LazySessionHolder - Closed LazySessionHolder

2014-03-22 21:41:29,822 [12] DEBUG Spring.Data.NHibernate.Support.OpenSessionInViewModule - Opening single Hibernate Session in SessionScope

2014-03-22 21:41:29,822 [12] DEBUG Spring.Data.NHibernate.Support.SessionScope+LazySessionHolder - Created LazySessionHolder

2014-03-22 21:41:30,426 [12] INFO  YiQiWorkFlow.Application.Service.Fb.FbPaGoodsGbService - Entering GetById;2f6f4a79-7ad1-4d6b-af36-a2e446610350;id=13924738560658749

2014-03-22 21:41:30,426 [12] DEBUG Spring.Data.NHibernate.Support.SessionScope+LazySessionHolder - session instance requested - opening new session

2014-03-22 21:41:30,426 [12] DEBUG Spring.Data.NHibernate.SessionFactoryUtils - Opening Hibernate Session

2014-03-22 21:41:30,427 [12] DEBUG Spring.Data.NHibernate.HibernateTransactionManager - Found thread-bound Session [NHibernate.Impl.SessionImpl] for Hibernate transaction

2014-03-22 21:41:30,427 [12] DEBUG Spring.Data.NHibernate.HibernateTransactionManager - Using transaction object [Spring.Data.NHibernate.HibernateTransactionManager+HibernateTransactionObject]

2014-03-22 21:41:30,427 [12] DEBUG Spring.Data.NHibernate.HibernateTransactionManager - Creating new transaction with name [YiQiWorkFlow.Application.Service.Fb.FbPaGoodsGbService.GetById]:PROPAGATION_Required,ISOLATION_ReadCommitted

2014-03-22 21:41:30,428 [12] DEBUG Spring.Data.NHibernate.HibernateTransactionManager - Exposing Hibernate transaction as ADO transaction [System.Data.SqlClient.SqlConnection]

2014-03-22 21:41:30,447 [12] DEBUG NHibernate.SQL - SELECT fbpagoodsg0_.Id as Id83_0_, fbpagoodsg0_.gb_code as gb2_83_0_, fbpagoodsg0_.gb_name as gb3_83_0_ FROM dbo.fb_pa_goods_gb fbpagoodsg0_ WHERE fbpagoodsg0_.Id=@p0;@p0 = '13924738560658749' [Type: String (4000)]

2014-03-22 21:41:30,469 [12] DEBUG Spring.Data.NHibernate.HibernateTransactionManager - Committing Hibernate transaction on Session [NHibernate.Impl.SessionImpl]

2014-03-22 21:41:30,471 [12] DEBUG Spring.Data.NHibernate.HibernateTransactionManager - Not closing pre-bound Hibernate Session [NHibernate.Impl.SessionImpl] after transaction

2014-03-22 21:41:30,472 [12] INFO  YiQiWorkFlow.Application.Service.Fb.FbPaGoodsGbService - Exiting GetById;2f6f4a79-7ad1-4d6b-af36-a2e446610350;46.0027 ms

2014-03-22 21:41:30,501 [12] DEBUG Spring.Data.NHibernate.Support.OpenSessionInViewModule - Trying to close SessionScope

2014-03-22 21:41:30,501 [12] DEBUG Spring.Data.NHibernate.Support.OpenSessionInViewModule - Closing single Hibernate Session in SessionScope

2014-03-22 21:41:30,502 [12] DEBUG Spring.Data.NHibernate.SessionFactoryUtils - Closing Hibernate Session

2014-03-22 21:41:30,502 [12] DEBUG Spring.Data.NHibernate.Support.SessionScope+LazySessionHolder - Closed LazySessionHolder

2014-03-22 21:41:30,667 [5] DEBUG Spring.Data.NHibernate.Support.OpenSessionInViewModule - Opening single Hibernate Session in SessionScope

2014-03-22 21:41:30,668 [5] DEBUG Spring.Data.NHibernate.Support.SessionScope+LazySessionHolder - Created LazySessionHolder

2014-03-22 21:41:30,669 [5] DEBUG Spring.Data.NHibernate.Support.OpenSessionInViewModule - Trying to close SessionScope

2014-03-22 21:41:30,669 [5] DEBUG Spring.Data.NHibernate.Support.OpenSessionInViewModule - Closing single Hibernate Session in SessionScope

2014-03-22 21:41:30,669 [5] DEBUG Spring.Data.NHibernate.Support.SessionScope+LazySessionHolder - Closed LazySessionHolder

2014-03-22 21:41:33,230 [12] DEBUG Spring.Data.NHibernate.Support.OpenSessionInViewModule - Opening single Hibernate Session in SessionScope

2014-03-22 21:41:33,231 [12] DEBUG Spring.Data.NHibernate.Support.SessionScope+LazySessionHolder - Created LazySessionHolder

2014-03-22 21:41:33,254 [12] INFO  YiQiWorkFlow.Application.Service.Fb.FbPaGoodsGbService - Entering Search;0926f976-5dd9-42b5-bffd-14c8a7972fdd;c=YiQiWorkFlow.Domain.Basement.SearchDtoBase`1[YiQiWorkFlow.Domain.Fb.FbPaGoodsGb]

2014-03-22 21:41:33,255 [12] DEBUG Spring.Data.NHibernate.Support.SessionScope+LazySessionHolder - session instance requested - opening new session

2014-03-22 21:41:33,255 [12] DEBUG Spring.Data.NHibernate.SessionFactoryUtils - Opening Hibernate Session

2014-03-22 21:41:33,256 [12] DEBUG Spring.Data.NHibernate.HibernateTransactionManager - Found thread-bound Session [NHibernate.Impl.SessionImpl] for Hibernate transaction

2014-03-22 21:41:33,256 [12] DEBUG Spring.Data.NHibernate.HibernateTransactionManager - Using transaction object [Spring.Data.NHibernate.HibernateTransactionManager+HibernateTransactionObject]

2014-03-22 21:41:33,256 [12] DEBUG Spring.Data.NHibernate.HibernateTransactionManager - Creating new transaction with name [YiQiWorkFlow.Application.Service.Fb.FbPaGoodsGbService.Search]:PROPAGATION_Required,ISOLATION_ReadCommitted

2014-03-22 21:41:33,260 [12] DEBUG Spring.Data.NHibernate.HibernateTransactionManager - Exposing Hibernate transaction as ADO transaction [System.Data.SqlClient.SqlConnection]

2014-03-22 21:41:33,261 [12] DEBUG NHibernate.SQL - select cast(count(*) as INT) as col_0_0_ from dbo.fb_pa_goods_gb fbpagoodsg0_

2014-03-22 21:41:33,266 [12] DEBUG NHibernate.SQL - select TOP (@p0) fbpagoodsg0_.Id as Id83_, fbpagoodsg0_.gb_code as gb2_83_, fbpagoodsg0_.gb_name as gb3_83_ from dbo.fb_pa_goods_gb fbpagoodsg0_;@p0 = 20 [Type: Int32 (0)]

2014-03-22 21:41:33,427 [12] DEBUG Spring.Data.NHibernate.HibernateTransactionManager - Committing Hibernate transaction on Session [NHibernate.Impl.SessionImpl]

2014-03-22 21:41:33,440 [12] DEBUG Spring.Data.NHibernate.HibernateTransactionManager - Not closing pre-bound Hibernate Session [NHibernate.Impl.SessionImpl] after transaction

2014-03-22 21:41:33,440 [12] INFO  YiQiWorkFlow.Application.Service.Fb.FbPaGoodsGbService - Exiting Search;0926f976-5dd9-42b5-bffd-14c8a7972fdd;186.0106 ms

2014-03-22 21:41:33,442 [12] DEBUG Spring.Data.NHibernate.Support.OpenSessionInViewModule - Trying to close SessionScope

2014-03-22 21:41:33,442 [12] DEBUG Spring.Data.NHibernate.Support.OpenSessionInViewModule - Closing single Hibernate Session in SessionScope

2014-03-22 21:41:33,443 [12] DEBUG Spring.Data.NHibernate.SessionFactoryUtils - Closing Hibernate Session

2014-03-22 21:41:33,443 [12] DEBUG Spring.Data.NHibernate.Support.SessionScope+LazySessionHolder - Closed LazySessionHolder

2014-03-22 21:41:34,646 [6] DEBUG Spring.Data.NHibernate.Support.OpenSessionInViewModule - Opening single Hibernate Session in SessionScope

2014-03-22 21:41:34,646 [6] DEBUG Spring.Data.NHibernate.Support.SessionScope+LazySessionHolder - Created LazySessionHolder

2014-03-22 21:41:34,669 [6] INFO  YiQiWorkFlow.Application.Service.Ms.MsPrepaidCardManageService - Entering Search;180695ad-d8a2-4ff2-b521-bce1a4d5e184;c=YiQiWorkFlow.Domain.Basement.SearchDtoBase`1[YiQiWorkFlow.Domain.Ms.MsPrepaidCardManage]

2014-03-22 21:41:34,669 [6] DEBUG Spring.Data.NHibernate.Support.SessionScope+LazySessionHolder - session instance requested - opening new session

2014-03-22 21:41:34,669 [6] DEBUG Spring.Data.NHibernate.SessionFactoryUtils - Opening Hibernate Session

2014-03-22 21:41:34,670 [6] DEBUG Spring.Data.NHibernate.HibernateTransactionManager - Found thread-bound Session [NHibernate.Impl.SessionImpl] for Hibernate transaction

2014-03-22 21:41:34,670 [6] DEBUG Spring.Data.NHibernate.HibernateTransactionManager - Using transaction object [Spring.Data.NHibernate.HibernateTransactionManager+HibernateTransactionObject]

2014-03-22 21:41:34,670 [6] DEBUG Spring.Data.NHibernate.HibernateTransactionManager - Creating new transaction with name [YiQiWorkFlow.Application.Service.Ms.MsPrepaidCardManageService.Search]:PROPAGATION_Required,ISOLATION_ReadCommitted

2014-03-22 21:41:34,672 [6] DEBUG Spring.Data.NHibernate.HibernateTransactionManager - Exposing Hibernate transaction as ADO transaction [System.Data.SqlClient.SqlConnection]

2014-03-22 21:41:34,673 [6] DEBUG NHibernate.SQL - select cast(count(*) as INT) as col_0_0_ from dbo.ms_prepaid_card_manage msprepaidc0_

2014-03-22 21:41:34,675 [6] DEBUG NHibernate.SQL - select TOP (@p0) msprepaidc0_.prepaid_number as prepaid1_109_, msprepaidc0_.en_code as en2_109_, msprepaidc0_.prepaid_date as prepaid3_109_, msprepaidc0_.card_number as card4_109_, msprepaidc0_.surface_number as surface5_109_, msprepaidc0_.ms_code as ms6_109_, msprepaidc0_.prepaid_money as prepaid7_109_, msprepaidc0_.total_prepaid as total8_109_, msprepaidc0_.current_prepaid as current9_109_, msprepaidc0_.use_prepaid as use10_109_, msprepaidc0_.card_code as card11_109_, msprepaidc0_.card_name as card12_109_, msprepaidc0_.card_state as card13_109_, msprepaidc0_.create_date as create14_109_, msprepaidc0_.operator as operator109_, msprepaidc0_.operator_date as operator16_109_ from dbo.ms_prepaid_card_manage msprepaidc0_;@p0 = 20 [Type: Int32 (0)]

2014-03-22 21:41:34,677 [6] DEBUG Spring.Data.NHibernate.HibernateTransactionManager - Committing Hibernate transaction on Session [NHibernate.Impl.SessionImpl]

2014-03-22 21:41:34,678 [6] DEBUG Spring.Data.NHibernate.HibernateTransactionManager - Not closing pre-bound Hibernate Session [NHibernate.Impl.SessionImpl] after transaction

2014-03-22 21:41:34,678 [6] INFO  YiQiWorkFlow.Application.Service.Ms.MsPrepaidCardManageService - Exiting Search;180695ad-d8a2-4ff2-b521-bce1a4d5e184;9.0005 ms

2014-03-22 21:41:34,679 [6] DEBUG Spring.Data.NHibernate.Support.OpenSessionInViewModule - Trying to close SessionScope

2014-03-22 21:41:34,680 [6] DEBUG Spring.Data.NHibernate.Support.OpenSessionInViewModule - Closing single Hibernate Session in SessionScope

2014-03-22 21:41:34,680 [6] DEBUG Spring.Data.NHibernate.SessionFactoryUtils - Closing Hibernate Session

2014-03-22 21:41:34,681 [6] DEBUG Spring.Data.NHibernate.Support.SessionScope+LazySessionHolder - Closed LazySessionHolder

2014-03-22 21:41:38,140 [6] DEBUG Spring.Data.NHibernate.Support.OpenSessionInViewModule - Opening single Hibernate Session in SessionScope

2014-03-22 21:41:38,141 [6] DEBUG Spring.Data.NHibernate.Support.SessionScope+LazySessionHolder - Created LazySessionHolder

2014-03-22 21:41:38,168 [6] INFO  YiQiWorkFlow.Application.Service.Ms.MsCardtypeManageService - Entering Search;e51c877d-fc2f-4e09-836d-72ce88ec2c46;c=YiQiWorkFlow.Domain.Basement.SearchDtoBase`1[YiQiWorkFlow.Domain.Ms.MsCardtypeManage]

2014-03-22 21:41:38,169 [6] DEBUG Spring.Data.NHibernate.Support.SessionScope+LazySessionHolder - session instance requested - opening new session

2014-03-22 21:41:38,169 [6] DEBUG Spring.Data.NHibernate.SessionFactoryUtils - Opening Hibernate Session

2014-03-22 21:41:38,169 [6] DEBUG Spring.Data.NHibernate.HibernateTransactionManager - Found thread-bound Session [NHibernate.Impl.SessionImpl] for Hibernate transaction

2014-03-22 21:41:38,169 [6] DEBUG Spring.Data.NHibernate.HibernateTransactionManager - Using transaction object [Spring.Data.NHibernate.HibernateTransactionManager+HibernateTransactionObject]

2014-03-22 21:41:38,170 [6] DEBUG Spring.Data.NHibernate.HibernateTransactionManager - Creating new transaction with name [YiQiWorkFlow.Application.Service.Ms.MsCardtypeManageService.Search]:PROPAGATION_Required,ISOLATION_ReadCommitted

2014-03-22 21:41:38,174 [6] DEBUG Spring.Data.NHibernate.HibernateTransactionManager - Exposing Hibernate transaction as ADO transaction [System.Data.SqlClient.SqlConnection]

2014-03-22 21:41:38,175 [6] DEBUG NHibernate.SQL - select cast(count(*) as INT) as col_0_0_ from dbo.ms_cardtype_manage mscardtype0_

2014-03-22 21:41:38,184 [6] DEBUG NHibernate.SQL - select TOP (@p0) mscardtype0_.card_code as card1_97_, mscardtype0_.card_name as card2_97_, mscardtype0_.card_type as card3_97_, mscardtype0_.card_medium as card4_97_, mscardtype0_.card_useful_life as card5_97_, mscardtype0_.points_useful_life as points6_97_, mscardtype0_.transact_charge as transact7_97_, mscardtype0_.deposit_money as deposit8_97_, mscardtype0_.if_vip as if9_97_, mscardtype0_.if_discount as if10_97_, mscardtype0_.discount_base as discount11_97_, mscardtype0_.discount_rate as discount12_97_, mscardtype0_.if_points as if13_97_, mscardtype0_.expend_base as expend14_97_, mscardtype0_.points_values as points15_97_, mscardtype0_.birthday_points as birthday16_97_, mscardtype0_.if_prepaid as if17_97_, mscardtype0_.if_prepaid_password as if18_97_, mscardtype0_.limit_times as limit19_97_, mscardtype0_.prestore_money as prestore20_97_, mscardtype0_.prestore_pw as prestore21_97_, mscardtype0_.prepaid_min as prepaid22_97_, mscardtype0_.prepaid_max as prepaid23_97_, mscardtype0_.if_point_to_prepaid as if24_97_, mscardtype0_.points_base as points25_97_, mscardtype0_.prepaid_money as prepaid26_97_, mscardtype0_.card_number_prefix as card27_97_, mscardtype0_.card_number_len as card28_97_, mscardtype0_.rand_len as rand29_97_, mscardtype0_.upgrade_type as upgrade30_97_, mscardtype0_.points_needs as points31_97_, mscardtype0_.if_deduct_points as if32_97_, mscardtype0_.if_autoup as if33_97_, mscardtype0_.create_date as create34_97_, mscardtype0_.operator as operator97_, mscardtype0_.assessor as assessor97_, mscardtype0_.if_examine as if37_97_, mscardtype0_.examine_date as examine38_97_, mscardtype0_.operator_date as operator39_97_ from dbo.ms_cardtype_manage mscardtype0_;@p0 = 20 [Type: Int32 (0)]

2014-03-22 21:41:38,187 [6] DEBUG Spring.Data.NHibernate.HibernateTransactionManager - Committing Hibernate transaction on Session [NHibernate.Impl.SessionImpl]

2014-03-22 21:41:38,197 [6] DEBUG Spring.Data.NHibernate.HibernateTransactionManager - Not closing pre-bound Hibernate Session [NHibernate.Impl.SessionImpl] after transaction

2014-03-22 21:41:38,198 [6] INFO  YiQiWorkFlow.Application.Service.Ms.MsCardtypeManageService - Exiting Search;e51c877d-fc2f-4e09-836d-72ce88ec2c46;30.0017 ms

2014-03-22 21:41:38,198 [6] DEBUG Spring.Data.NHibernate.Support.OpenSessionInViewModule - Trying to close SessionScope

2014-03-22 21:41:38,199 [6] DEBUG Spring.Data.NHibernate.Support.OpenSessionInViewModule - Closing single Hibernate Session in SessionScope

2014-03-22 21:41:38,199 [6] DEBUG Spring.Data.NHibernate.SessionFactoryUtils - Closing Hibernate Session

2014-03-22 21:41:38,199 [6] DEBUG Spring.Data.NHibernate.Support.SessionScope+LazySessionHolder - Closed LazySessionHolder

