2014-03-13 07:58:28,736 [36] DEBUG Spring.Data.NHibernate.Support.OpenSessionInViewModule - Opening single Hibernate Session in SessionScope

2014-03-13 07:58:28,745 [36] DEBUG Spring.Data.NHibernate.Support.SessionScope+LazySessionHolder - Created LazySessionHolder

2014-03-13 07:58:29,317 [36] DEBUG Spring.Data.NHibernate.Support.OpenSessionInViewModule - Trying to close SessionScope

2014-03-13 07:58:29,318 [36] DEBUG Spring.Data.NHibernate.Support.OpenSessionInViewModule - Closing single Hibernate Session in SessionScope

2014-03-13 07:58:29,318 [36] DEBUG Spring.Data.NHibernate.Support.SessionScope+LazySessionHolder - Closed LazySessionHolder

2014-03-13 07:58:29,658 [33] DEBUG Spring.Data.NHibernate.Support.OpenSessionInViewModule - Opening single Hibernate Session in SessionScope

2014-03-13 07:58:29,659 [33] DEBUG Spring.Data.NHibernate.Support.SessionScope+LazySessionHolder - Created LazySessionHolder

2014-03-13 07:58:29,745 [37] DEBUG Spring.Data.NHibernate.Support.OpenSessionInViewModule - Opening single Hibernate Session in SessionScope

2014-03-13 07:58:29,745 [37] DEBUG Spring.Data.NHibernate.Support.SessionScope+LazySessionHolder - Created LazySessionHolder

2014-03-13 07:58:29,751 [37] DEBUG Spring.Data.NHibernate.Support.OpenSessionInViewModule - Trying to close SessionScope

2014-03-13 07:58:29,753 [37] DEBUG Spring.Data.NHibernate.Support.OpenSessionInViewModule - Closing single Hibernate Session in SessionScope

2014-03-13 07:58:29,754 [37] DEBUG Spring.Data.NHibernate.Support.SessionScope+LazySessionHolder - Closed LazySessionHolder

2014-03-13 07:58:29,757 [37] DEBUG Spring.Data.NHibernate.Support.OpenSessionInViewModule - Opening single Hibernate Session in SessionScope

2014-03-13 07:58:29,758 [37] DEBUG Spring.Data.NHibernate.Support.SessionScope+LazySessionHolder - Created LazySessionHolder

2014-03-13 07:58:29,761 [28] DEBUG Spring.Data.NHibernate.Support.OpenSessionInViewModule - Opening single Hibernate Session in SessionScope

2014-03-13 07:58:29,777 [33] DEBUG Spring.Data.NHibernate.Support.OpenSessionInViewModule - Trying to close SessionScope

2014-03-13 07:58:29,789 [33] DEBUG Spring.Data.NHibernate.Support.OpenSessionInViewModule - Closing single Hibernate Session in SessionScope

2014-03-13 07:58:29,789 [33] DEBUG Spring.Data.NHibernate.Support.SessionScope+LazySessionHolder - Closed LazySessionHolder

2014-03-13 07:58:29,802 [37] DEBUG Spring.Data.NHibernate.Support.OpenSessionInViewModule - Trying to close SessionScope

2014-03-13 07:58:29,803 [37] DEBUG Spring.Data.NHibernate.Support.OpenSessionInViewModule - Closing single Hibernate Session in SessionScope

2014-03-13 07:58:29,804 [37] DEBUG Spring.Data.NHibernate.Support.SessionScope+LazySessionHolder - Closed LazySessionHolder

2014-03-13 07:58:29,786 [28] DEBUG Spring.Data.NHibernate.Support.SessionScope+LazySessionHolder - Created LazySessionHolder

2014-03-13 07:58:29,828 [28] DEBUG Spring.Data.NHibernate.Support.OpenSessionInViewModule - Trying to close SessionScope

2014-03-13 07:58:29,829 [28] DEBUG Spring.Data.NHibernate.Support.OpenSessionInViewModule - Closing single Hibernate Session in SessionScope

2014-03-13 07:58:29,829 [28] DEBUG Spring.Data.NHibernate.Support.SessionScope+LazySessionHolder - Closed LazySessionHolder

2014-03-13 21:24:15,131 [1] DEBUG Spring.Data.Common.DbProviderFactory - Loading additional DbProviders from assembly://NSH.Repository/NSH.Repository/SQLite1081.xml

2014-03-13 21:24:15,231 [1] INFO  Spring.Data.Common.DbProviderFactory - 47 DbProviders Available. [SqlServer-1.1,SqlServer-2.0,SqlServer-4.0,SqlServerCe-3.1,SqlServerCe-3.5.1,OleDb-1.1,OleDb-2.0,OleDb-4.0,OracleClient-2.0,OracleODP-2.0,OracleODP-11-2.0,MySql,MySql-1.0.9,MySql-5.0,MySql-5.0.8.1,MySql-5.1,MySql-5.1.4,MySql-5.2.3,MySql-6.1.3,MySql-6.2.2,Npgsql-1.0,Npgsql-2.0-beta1,Npgsql-2.0,DB2-9.0.0-1.1,DB2-9.0.0-2.0,DB2-9.1.0-1.1,DB2-9.1.0.2,iDB2-10.0.0.0,SQLite-1.0.43,SQLite-1.0.44,SQLite-1.0.47,SQLite-1.0.56,SQLite-1.0.65,SQLite-1.0.66,SQLite-1.0.72,Firebird-2.1,SybaseAse-12,SybaseAse-15,SybaseAse-AdoNet2,IfxOdbc,IfxSQLI-3.0.0.2,IfxDRDA-9.0.0.2,Odbc-1.1,Odbc-2.0,Odbc-4.0,Cache-2.0.0.1,SQLite-1.0.81]

2014-03-13 21:24:15,921 [1] INFO  Spring.Data.NHibernate.LocalSessionFactoryObject - Setting proxy factory to Spring provided one as user did not specify any

2014-03-13 21:24:16,492 [1] INFO  Spring.Data.NHibernate.LocalSessionFactoryObject - Building new Hibernate SessionFactory

2014-03-13 21:24:41,862 [6] DEBUG Spring.Data.NHibernate.Support.OpenSessionInViewModule - Opening single Hibernate Session in SessionScope

2014-03-13 21:24:41,864 [6] DEBUG Spring.Data.NHibernate.Support.SessionScope+LazySessionHolder - Created LazySessionHolder

2014-03-13 21:24:44,946 [6] DEBUG Spring.Data.NHibernate.Support.OpenSessionInViewModule - Trying to close SessionScope

2014-03-13 21:24:44,947 [6] DEBUG Spring.Data.NHibernate.Support.OpenSessionInViewModule - Closing single Hibernate Session in SessionScope

2014-03-13 21:24:44,949 [6] DEBUG Spring.Data.NHibernate.Support.SessionScope+LazySessionHolder - Closed LazySessionHolder

2014-03-13 21:24:45,193 [7] DEBUG Spring.Data.NHibernate.Support.OpenSessionInViewModule - Opening single Hibernate Session in SessionScope

2014-03-13 21:24:45,193 [7] DEBUG Spring.Data.NHibernate.Support.SessionScope+LazySessionHolder - Created LazySessionHolder

2014-03-13 21:24:45,198 [7] DEBUG Spring.Data.NHibernate.Support.OpenSessionInViewModule - Trying to close SessionScope

2014-03-13 21:24:45,199 [7] DEBUG Spring.Data.NHibernate.Support.OpenSessionInViewModule - Closing single Hibernate Session in SessionScope

2014-03-13 21:24:45,200 [7] DEBUG Spring.Data.NHibernate.Support.SessionScope+LazySessionHolder - Closed LazySessionHolder

2014-03-13 21:24:45,380 [8] DEBUG Spring.Data.NHibernate.Support.OpenSessionInViewModule - Opening single Hibernate Session in SessionScope

2014-03-13 21:24:45,381 [8] DEBUG Spring.Data.NHibernate.Support.SessionScope+LazySessionHolder - Created LazySessionHolder

2014-03-13 21:24:45,383 [8] DEBUG Spring.Data.NHibernate.Support.OpenSessionInViewModule - Trying to close SessionScope

2014-03-13 21:24:45,384 [8] DEBUG Spring.Data.NHibernate.Support.OpenSessionInViewModule - Closing single Hibernate Session in SessionScope

2014-03-13 21:24:45,385 [8] DEBUG Spring.Data.NHibernate.Support.SessionScope+LazySessionHolder - Closed LazySessionHolder

2014-03-13 21:24:45,392 [8] DEBUG Spring.Data.NHibernate.Support.OpenSessionInViewModule - Opening single Hibernate Session in SessionScope

2014-03-13 21:24:45,393 [8] DEBUG Spring.Data.NHibernate.Support.SessionScope+LazySessionHolder - Created LazySessionHolder

2014-03-13 21:24:45,395 [8] DEBUG Spring.Data.NHibernate.Support.OpenSessionInViewModule - Trying to close SessionScope

2014-03-13 21:24:45,395 [8] DEBUG Spring.Data.NHibernate.Support.OpenSessionInViewModule - Closing single Hibernate Session in SessionScope

2014-03-13 21:24:45,395 [8] DEBUG Spring.Data.NHibernate.Support.SessionScope+LazySessionHolder - Closed LazySessionHolder

2014-03-13 21:24:46,232 [6] DEBUG Spring.Data.NHibernate.Support.OpenSessionInViewModule - Opening single Hibernate Session in SessionScope

2014-03-13 21:24:46,232 [6] DEBUG Spring.Data.NHibernate.Support.SessionScope+LazySessionHolder - Created LazySessionHolder

2014-03-13 21:24:46,406 [6] INFO  YiQiWorkFlow.Application.Service.Pc.PcPurchaseManageService - Entering Search;5e3c08a5-7645-422d-a6c8-70d02cacbc81;c=YiQiWorkFlow.Domain.Basement.SearchDtoBase`1[YiQiWorkFlow.Domain.Pc.PcPurchaseManage]

2014-03-13 21:24:46,411 [6] DEBUG Spring.Data.NHibernate.Support.SessionScope+LazySessionHolder - session instance requested - opening new session

2014-03-13 21:24:46,412 [6] DEBUG Spring.Data.NHibernate.SessionFactoryUtils - Opening Hibernate Session

2014-03-13 21:24:46,432 [6] DEBUG Spring.Data.NHibernate.HibernateTransactionManager - Found thread-bound Session [NHibernate.Impl.SessionImpl] for Hibernate transaction

2014-03-13 21:24:46,432 [6] DEBUG Spring.Data.NHibernate.HibernateTransactionManager - Using transaction object [Spring.Data.NHibernate.HibernateTransactionManager+HibernateTransactionObject]

2014-03-13 21:24:46,436 [6] DEBUG Spring.Data.NHibernate.HibernateTransactionManager - Creating new transaction with name [YiQiWorkFlow.Application.Service.Pc.PcPurchaseManageService.Search]:PROPAGATION_Required,ISOLATION_ReadCommitted

2014-03-13 21:24:46,443 [6] DEBUG Spring.Data.NHibernate.HibernateTransactionManager - Exposing Hibernate transaction as ADO transaction [System.Data.SqlClient.SqlConnection]

2014-03-13 21:24:47,028 [6] DEBUG NHibernate.SQL - select cast(count(*) as INT) as col_0_0_ from dbo.pc_purchase_manage pcpurchase0_

2014-03-13 21:24:47,085 [6] DEBUG NHibernate.SQL - select TOP (@p0) pcpurchase0_.pc_number as pc1_139_, pcpurchase0_.sup_code as sup2_139_, pcpurchase0_.en_code as en3_139_, pcpurchase0_.pc_form as pc4_139_, pcpurchase0_.d_code as d5_139_, pcpurchase0_.b_code as b6_139_, pcpurchase0_.pc_type as pc7_139_, pcpurchase0_.pc_mode as pc8_139_, pcpurchase0_.wh_code as wh9_139_, pcpurchase0_.purchase_date as purchase10_139_, pcpurchase0_.expect_arrive_date as expect11_139_, pcpurchase0_.if_check as if12_139_, pcpurchase0_.check_date as check13_139_, pcpurchase0_.if_putin as if14_139_, pcpurchase0_.putin_date as putin15_139_, pcpurchase0_.create_date as create16_139_, pcpurchase0_.operator as operator139_, pcpurchase0_.assessor as assessor139_, pcpurchase0_.if_examine as if19_139_, pcpurchase0_.examine_date as examine20_139_, pcpurchase0_.operator_date as operator21_139_ from dbo.pc_purchase_manage pcpurchase0_;@p0 = 20 [Type: Int32 (0)]

2014-03-13 21:24:47,092 [6] DEBUG Spring.Data.NHibernate.HibernateTransactionManager - Committing Hibernate transaction on Session [NHibernate.Impl.SessionImpl]

2014-03-13 21:24:47,103 [6] DEBUG Spring.Data.NHibernate.HibernateTransactionManager - Not closing pre-bound Hibernate Session [NHibernate.Impl.SessionImpl] after transaction

2014-03-13 21:24:47,104 [6] INFO  YiQiWorkFlow.Application.Service.Pc.PcPurchaseManageService - Exiting Search;5e3c08a5-7645-422d-a6c8-70d02cacbc81;700.0401 ms

2014-03-13 21:24:47,106 [6] DEBUG Spring.Data.NHibernate.Support.OpenSessionInViewModule - Trying to close SessionScope

2014-03-13 21:24:47,106 [6] DEBUG Spring.Data.NHibernate.Support.OpenSessionInViewModule - Closing single Hibernate Session in SessionScope

2014-03-13 21:24:47,107 [6] DEBUG Spring.Data.NHibernate.SessionFactoryUtils - Closing Hibernate Session

2014-03-13 21:24:47,114 [6] DEBUG Spring.Data.NHibernate.Support.SessionScope+LazySessionHolder - Closed LazySessionHolder

